2019-08-18 16:14:48,597 ; DEBUG    ; MainLogger ; spiral_feature_extraction ; Starting feature extraction from archimedean spirals
2019-08-18 16:14:48,599 ; DEBUG    ; MainLogger ; spiral_feature_extraction ; Loading control files
2019-08-18 16:14:48,735 ; DEBUG    ; MainLogger ; spiral_feature_extraction ; Loading ET files 27
2019-08-18 16:14:49,046 ; DEBUG    ; MainLogger ; spiral_feature_extraction ; CT's residual radio calculation 27
2019-08-18 16:14:49,060 ; DEBUG    ; MainLogger ; arq_features ; Timeseries' max is 4.834030647877921e-12
2019-08-18 16:14:49,062 ; DEBUG    ; MainLogger ; arq_features ; Square differences max 1.406207041340147e-23
2019-08-18 16:14:49,065 ; DEBUG    ; MainLogger ; arq_features ; Avg differences is 1.2095708846628e-24
2019-08-18 16:14:49,067 ; INFO     ; MainLogger ; arq_features ; Calculation of Fractal Dimension
2019-08-18 16:14:49,087 ; DEBUG    ; MainLogger ; arq_features ; Timeseries' max is 3.1767284229450486e-11
2019-08-18 16:14:49,089 ; DEBUG    ; MainLogger ; arq_features ; Square differences max 5.459506138084254e-22
2019-08-18 16:14:49,092 ; DEBUG    ; MainLogger ; arq_features ; Avg differences is 1.535204059472717e-23
2019-08-18 16:14:49,095 ; INFO     ; MainLogger ; arq_features ; Calculation of Fractal Dimension
2019-08-18 16:14:49,111 ; DEBUG    ; MainLogger ; arq_features ; Timeseries' max is 4.038811914356214e-11
2019-08-18 16:14:49,114 ; DEBUG    ; MainLogger ; arq_features ; Square differences max 6.257605178338828e-22
2019-08-18 16:14:49,117 ; DEBUG    ; MainLogger ; arq_features ; Avg differences is 1.0777845561497434e-23
2019-08-18 16:14:49,119 ; INFO     ; MainLogger ; arq_features ; Calculation of Fractal Dimension
2019-08-18 16:14:49,138 ; DEBUG    ; MainLogger ; arq_features ; Timeseries' max is 4.917440289515108e-10
2019-08-18 16:14:49,140 ; DEBUG    ; MainLogger ; arq_features ; Square differences max 7.832020441090563e-20
2019-08-18 16:14:49,143 ; DEBUG    ; MainLogger ; arq_features ; Avg differences is 6.510978716509096e-22
2019-08-18 16:14:49,146 ; INFO     ; MainLogger ; arq_features ; Calculation of Fractal Dimension
2019-08-18 16:14:49,166 ; DEBUG    ; MainLogger ; arq_features ; Timeseries' max is 1.2643284912390158e-11
2019-08-18 16:14:49,169 ; DEBUG    ; MainLogger ; arq_features ; Square differences max 1.075334796318936e-22
2019-08-18 16:14:49,173 ; DEBUG    ; MainLogger ; arq_features ; Avg differences is 2.3633866850126155e-24
2019-08-18 16:14:49,175 ; INFO     ; MainLogger ; arq_features ; Calculation of Fractal Dimension
2019-08-18 16:14:49,198 ; DEBUG    ; MainLogger ; arq_features ; Timeseries' max is 1.7659192816561335e-11
2019-08-18 16:14:49,202 ; DEBUG    ; MainLogger ; arq_features ; Square differences max 2.805523869365463e-22
2019-08-18 16:14:49,205 ; DEBUG    ; MainLogger ; arq_features ; Avg differences is 8.884658770699715e-24
2019-08-18 16:14:49,208 ; INFO     ; MainLogger ; arq_features ; Calculation of Fractal Dimension
2019-08-18 16:14:49,231 ; DEBUG    ; MainLogger ; arq_features ; Timeseries' max is 4.011047961548204e-09
2019-08-18 16:14:49,233 ; DEBUG    ; MainLogger ; arq_features ; Square differences max 7.067848359353108e-18
2019-08-18 16:14:49,235 ; DEBUG    ; MainLogger ; arq_features ; Avg differences is 5.6263313103040094e-21
2019-08-18 16:14:49,237 ; INFO     ; MainLogger ; arq_features ; Calculation of Fractal Dimension
2019-08-18 16:14:49,291 ; DEBUG    ; MainLogger ; arq_features ; Timeseries' max is 1.2371765866202707e-09
2019-08-18 16:14:49,293 ; DEBUG    ; MainLogger ; arq_features ; Square differences max 3.1715790844923185e-19
2019-08-18 16:14:49,296 ; DEBUG    ; MainLogger ; arq_features ; Avg differences is 1.3004307381370077e-21
2019-08-18 16:14:49,297 ; INFO     ; MainLogger ; arq_features ; Calculation of Fractal Dimension
2019-08-18 16:14:49,320 ; DEBUG    ; MainLogger ; arq_features ; Timeseries' max is 2.941294756965759e-09
2019-08-18 16:14:49,322 ; DEBUG    ; MainLogger ; arq_features ; Square differences max 3.237326676835629e-18
2019-08-18 16:14:49,327 ; DEBUG    ; MainLogger ; arq_features ; Avg differences is 5.330389250314026e-21
2019-08-18 16:14:49,330 ; INFO     ; MainLogger ; arq_features ; Calculation of Fractal Dimension
2019-08-18 16:14:49,354 ; DEBUG    ; MainLogger ; arq_features ; Timeseries' max is 5.1448789686149945e-12
2019-08-18 16:14:49,356 ; DEBUG    ; MainLogger ; arq_features ; Square differences max 1.7938479887813308e-23
2019-08-18 16:14:49,359 ; DEBUG    ; MainLogger ; arq_features ; Avg differences is 1.5189327368584502e-24
2019-08-18 16:14:49,362 ; INFO     ; MainLogger ; arq_features ; Calculation of Fractal Dimension
2019-08-18 16:14:49,446 ; DEBUG    ; MainLogger ; arq_features ; Timeseries' max is 1.4103400938994551e-10
2019-08-18 16:14:49,449 ; DEBUG    ; MainLogger ; arq_features ; Square differences max 1.4808404567612093e-20
2019-08-18 16:14:49,453 ; DEBUG    ; MainLogger ; arq_features ; Avg differences is 5.86632075031733e-23
2019-08-18 16:14:49,456 ; INFO     ; MainLogger ; arq_features ; Calculation of Fractal Dimension
2019-08-18 16:14:49,498 ; DEBUG    ; MainLogger ; arq_features ; Timeseries' max is 1.016845989170083e-11
2019-08-18 16:14:49,500 ; DEBUG    ; MainLogger ; arq_features ; Square differences max 8.572843638829663e-23
2019-08-18 16:14:49,503 ; DEBUG    ; MainLogger ; arq_features ; Avg differences is 2.7152430475162207e-24
2019-08-18 16:14:49,504 ; INFO     ; MainLogger ; arq_features ; Calculation of Fractal Dimension
2019-08-18 16:14:49,525 ; DEBUG    ; MainLogger ; arq_features ; Timeseries' max is 1.83969017344717e-09
2019-08-18 16:14:49,528 ; DEBUG    ; MainLogger ; arq_features ; Square differences max 6.32471965286225e-19
2019-08-18 16:14:49,531 ; DEBUG    ; MainLogger ; arq_features ; Avg differences is 1.7156769416561012e-21
2019-08-18 16:14:49,533 ; INFO     ; MainLogger ; arq_features ; Calculation of Fractal Dimension
2019-08-18 16:14:49,555 ; DEBUG    ; MainLogger ; arq_features ; Timeseries' max is 1.22359997904584e-11
2019-08-18 16:14:49,557 ; DEBUG    ; MainLogger ; arq_features ; Square differences max 8.235155315537602e-23
2019-08-18 16:14:49,559 ; DEBUG    ; MainLogger ; arq_features ; Avg differences is 3.6731694640731125e-24
2019-08-18 16:14:49,560 ; INFO     ; MainLogger ; arq_features ; Calculation of Fractal Dimension
2019-08-18 16:14:49,610 ; DEBUG    ; MainLogger ; arq_features ; Timeseries' max is 7.500607271936334e-09
2019-08-18 16:14:49,612 ; DEBUG    ; MainLogger ; arq_features ; Square differences max 3.7078697262875084e-17
2019-08-18 16:14:49,614 ; DEBUG    ; MainLogger ; arq_features ; Avg differences is 2.4663638310600928e-20
2019-08-18 16:14:49,615 ; INFO     ; MainLogger ; arq_features ; Calculation of Fractal Dimension
2019-08-18 16:14:49,630 ; DEBUG    ; MainLogger ; arq_features ; Timeseries' max is 2.8831017909535267e-10
2019-08-18 16:14:49,631 ; DEBUG    ; MainLogger ; arq_features ; Square differences max 3.8224940004031436e-20
2019-08-18 16:14:49,632 ; DEBUG    ; MainLogger ; arq_features ; Avg differences is 3.1203160230698596e-22
2019-08-18 16:14:49,634 ; INFO     ; MainLogger ; arq_features ; Calculation of Fractal Dimension
2019-08-18 16:14:49,645 ; DEBUG    ; MainLogger ; arq_features ; Timeseries' max is 1.5252689837551244e-11
2019-08-18 16:14:49,646 ; DEBUG    ; MainLogger ; arq_features ; Square differences max 1.9186061111761932e-22
2019-08-18 16:14:49,647 ; DEBUG    ; MainLogger ; arq_features ; Avg differences is 6.093212936598312e-24
2019-08-18 16:14:49,649 ; INFO     ; MainLogger ; arq_features ; Calculation of Fractal Dimension
2019-08-18 16:14:49,678 ; DEBUG    ; MainLogger ; arq_features ; Timeseries' max is 3.738067481674457e-11
2019-08-18 16:14:49,680 ; DEBUG    ; MainLogger ; arq_features ; Square differences max 5.399080672489988e-22
2019-08-18 16:14:49,682 ; DEBUG    ; MainLogger ; arq_features ; Avg differences is 5.9064672043793034e-24
2019-08-18 16:14:49,684 ; INFO     ; MainLogger ; arq_features ; Calculation of Fractal Dimension
2019-08-18 16:14:49,786 ; DEBUG    ; MainLogger ; arq_features ; Timeseries' max is 3.718265288842541e-10
2019-08-18 16:14:49,788 ; DEBUG    ; MainLogger ; arq_features ; Square differences max 6.992396204806003e-20
2019-08-18 16:14:49,790 ; DEBUG    ; MainLogger ; arq_features ; Avg differences is 3.8105985428765557e-22
2019-08-18 16:14:49,791 ; INFO     ; MainLogger ; arq_features ; Calculation of Fractal Dimension
2019-08-18 16:14:49,826 ; DEBUG    ; MainLogger ; arq_features ; Timeseries' max is 2.2170973794798384e-11
2019-08-18 16:14:49,828 ; DEBUG    ; MainLogger ; arq_features ; Square differences max 4.6329055014421775e-22
2019-08-18 16:14:49,830 ; DEBUG    ; MainLogger ; arq_features ; Avg differences is 6.836142084897652e-24
2019-08-18 16:14:49,832 ; INFO     ; MainLogger ; arq_features ; Calculation of Fractal Dimension
2019-08-18 16:14:49,852 ; DEBUG    ; MainLogger ; arq_features ; Timeseries' max is 1.791496797849705e-11
2019-08-18 16:14:49,853 ; DEBUG    ; MainLogger ; arq_features ; Square differences max 1.2307146024356149e-22
2019-08-18 16:14:49,856 ; DEBUG    ; MainLogger ; arq_features ; Avg differences is 6.411364252686877e-24
2019-08-18 16:14:49,858 ; INFO     ; MainLogger ; arq_features ; Calculation of Fractal Dimension
2019-08-18 16:14:49,879 ; DEBUG    ; MainLogger ; arq_features ; Timeseries' max is 6.366462912410498e-12
2019-08-18 16:14:49,881 ; DEBUG    ; MainLogger ; arq_features ; Square differences max 2.39882377640378e-23
2019-08-18 16:14:49,883 ; DEBUG    ; MainLogger ; arq_features ; Avg differences is 2.0521296864138383e-24
2019-08-18 16:14:49,885 ; INFO     ; MainLogger ; arq_features ; Calculation of Fractal Dimension
2019-08-18 16:14:49,923 ; DEBUG    ; MainLogger ; arq_features ; Timeseries' max is 1.4532860207239473e-10
2019-08-18 16:14:49,924 ; DEBUG    ; MainLogger ; arq_features ; Square differences max 6.530252584843157e-21
2019-08-18 16:14:49,927 ; DEBUG    ; MainLogger ; arq_features ; Avg differences is 5.784786888623747e-23
2019-08-18 16:14:49,930 ; INFO     ; MainLogger ; arq_features ; Calculation of Fractal Dimension
2019-08-18 16:14:49,977 ; DEBUG    ; MainLogger ; arq_features ; Timeseries' max is 1.3585610405092482e-10
2019-08-18 16:14:49,979 ; DEBUG    ; MainLogger ; arq_features ; Square differences max 5.582948245121225e-21
2019-08-18 16:14:49,981 ; DEBUG    ; MainLogger ; arq_features ; Avg differences is 9.143411949712531e-23
2019-08-18 16:14:49,983 ; INFO     ; MainLogger ; arq_features ; Calculation of Fractal Dimension
2019-08-18 16:14:50,662 ; DEBUG    ; MainLogger ; arq_features ; Timeseries' max is 1.499102065425729e-08
2019-08-18 16:14:50,664 ; DEBUG    ; MainLogger ; arq_features ; Square differences max 1.2983737443631006e-16
2019-08-18 16:14:50,668 ; DEBUG    ; MainLogger ; arq_features ; Avg differences is 7.574794888002377e-20
2019-08-18 16:14:50,669 ; INFO     ; MainLogger ; arq_features ; Calculation of Fractal Dimension
2019-08-18 16:14:50,726 ; DEBUG    ; MainLogger ; arq_features ; Timeseries' max is 1.2101748941889083e-10
2019-08-18 16:14:50,728 ; DEBUG    ; MainLogger ; arq_features ; Square differences max 6.7216978125047236e-21
2019-08-18 16:14:50,730 ; DEBUG    ; MainLogger ; arq_features ; Avg differences is 8.920444472000514e-23
2019-08-18 16:14:50,732 ; INFO     ; MainLogger ; arq_features ; Calculation of Fractal Dimension
2019-08-18 16:14:50,748 ; DEBUG    ; MainLogger ; arq_features ; Timeseries' max is 2.6526859506785476e-10
2019-08-18 16:14:50,751 ; DEBUG    ; MainLogger ; arq_features ; Square differences max 4.4298895884494793e-20
2019-08-18 16:14:50,752 ; DEBUG    ; MainLogger ; arq_features ; Avg differences is 1.9005181887381322e-22
2019-08-18 16:14:50,753 ; INFO     ; MainLogger ; arq_features ; Calculation of Fractal Dimension
2019-08-18 16:14:50,755 ; DEBUG    ; MainLogger ; spiral_feature_extraction ; CT's feature extraction 9
2019-08-18 16:14:50,756 ; DEBUG    ; MainLogger ; spiral_feature_extraction ; Saving CT's residual feature extraction in output/archimedean.h5
2019-08-18 16:14:50,759 ; DEBUG    ; MainLogger ; reader_and_writer ; Creating dataset rd_ct_fe into file output/archimedean.h5
2019-08-18 16:16:30,817 ; DEBUG    ; MainLogger ; spiral_feature_extraction ; Starting feature extraction from archimedean spirals
2019-08-18 16:16:30,819 ; DEBUG    ; MainLogger ; spiral_feature_extraction ; Loading control files
2019-08-18 16:16:30,950 ; DEBUG    ; MainLogger ; spiral_feature_extraction ; Loading ET files 27
2019-08-18 16:16:31,243 ; DEBUG    ; MainLogger ; spiral_feature_extraction ; CT's residual radio calculation 27
2019-08-18 16:16:31,258 ; DEBUG    ; MainLogger ; arq_features ; Timeseries' max is 4.834030647877921e-12
2019-08-18 16:16:31,260 ; DEBUG    ; MainLogger ; arq_features ; Square differences max 1.406207041340147e-23
2019-08-18 16:16:31,263 ; DEBUG    ; MainLogger ; arq_features ; Avg differences is 1.2095708846628e-24
2019-08-18 16:16:31,264 ; INFO     ; MainLogger ; arq_features ; Calculation of Fractal Dimension
2019-08-18 16:16:31,265 ; INFO     ; MainLogger ; arq_features ; Calculation of Maximum fractal length (MFL)
2019-08-18 16:16:31,289 ; DEBUG    ; MainLogger ; arq_features ; Timeseries' max is 3.1767284229450486e-11
2019-08-18 16:16:31,291 ; DEBUG    ; MainLogger ; arq_features ; Square differences max 5.459506138084254e-22
2019-08-18 16:16:31,293 ; DEBUG    ; MainLogger ; arq_features ; Avg differences is 1.535204059472717e-23
2019-08-18 16:16:31,294 ; INFO     ; MainLogger ; arq_features ; Calculation of Fractal Dimension
2019-08-18 16:16:31,296 ; INFO     ; MainLogger ; arq_features ; Calculation of Maximum fractal length (MFL)
2019-08-18 16:16:31,314 ; DEBUG    ; MainLogger ; arq_features ; Timeseries' max is 4.038811914356214e-11
2019-08-18 16:16:31,317 ; DEBUG    ; MainLogger ; arq_features ; Square differences max 6.257605178338828e-22
2019-08-18 16:16:31,319 ; DEBUG    ; MainLogger ; arq_features ; Avg differences is 1.0777845561497434e-23
2019-08-18 16:16:31,320 ; INFO     ; MainLogger ; arq_features ; Calculation of Fractal Dimension
2019-08-18 16:16:31,322 ; INFO     ; MainLogger ; arq_features ; Calculation of Maximum fractal length (MFL)
2019-08-18 16:16:31,348 ; DEBUG    ; MainLogger ; arq_features ; Timeseries' max is 4.917440289515108e-10
2019-08-18 16:16:31,350 ; DEBUG    ; MainLogger ; arq_features ; Square differences max 7.832020441090563e-20
2019-08-18 16:16:31,352 ; DEBUG    ; MainLogger ; arq_features ; Avg differences is 6.510978716509096e-22
2019-08-18 16:16:31,354 ; INFO     ; MainLogger ; arq_features ; Calculation of Fractal Dimension
2019-08-18 16:16:31,356 ; INFO     ; MainLogger ; arq_features ; Calculation of Maximum fractal length (MFL)
2019-08-18 16:16:31,374 ; DEBUG    ; MainLogger ; arq_features ; Timeseries' max is 1.2643284912390158e-11
2019-08-18 16:16:31,376 ; DEBUG    ; MainLogger ; arq_features ; Square differences max 1.075334796318936e-22
2019-08-18 16:16:31,378 ; DEBUG    ; MainLogger ; arq_features ; Avg differences is 2.3633866850126155e-24
2019-08-18 16:16:31,380 ; INFO     ; MainLogger ; arq_features ; Calculation of Fractal Dimension
2019-08-18 16:16:31,381 ; INFO     ; MainLogger ; arq_features ; Calculation of Maximum fractal length (MFL)
2019-08-18 16:16:31,405 ; DEBUG    ; MainLogger ; arq_features ; Timeseries' max is 1.7659192816561335e-11
2019-08-18 16:16:31,407 ; DEBUG    ; MainLogger ; arq_features ; Square differences max 2.805523869365463e-22
2019-08-18 16:16:31,409 ; DEBUG    ; MainLogger ; arq_features ; Avg differences is 8.884658770699715e-24
2019-08-18 16:16:31,410 ; INFO     ; MainLogger ; arq_features ; Calculation of Fractal Dimension
2019-08-18 16:16:31,412 ; INFO     ; MainLogger ; arq_features ; Calculation of Maximum fractal length (MFL)
2019-08-18 16:16:31,431 ; DEBUG    ; MainLogger ; arq_features ; Timeseries' max is 4.011047961548204e-09
2019-08-18 16:16:31,433 ; DEBUG    ; MainLogger ; arq_features ; Square differences max 7.067848359353108e-18
2019-08-18 16:16:31,434 ; DEBUG    ; MainLogger ; arq_features ; Avg differences is 5.6263313103040094e-21
2019-08-18 16:16:31,435 ; INFO     ; MainLogger ; arq_features ; Calculation of Fractal Dimension
2019-08-18 16:16:31,437 ; INFO     ; MainLogger ; arq_features ; Calculation of Maximum fractal length (MFL)
2019-08-18 16:16:31,489 ; DEBUG    ; MainLogger ; arq_features ; Timeseries' max is 1.2371765866202707e-09
2019-08-18 16:16:31,490 ; DEBUG    ; MainLogger ; arq_features ; Square differences max 3.1715790844923185e-19
2019-08-18 16:16:31,492 ; DEBUG    ; MainLogger ; arq_features ; Avg differences is 1.3004307381370077e-21
2019-08-18 16:16:31,493 ; INFO     ; MainLogger ; arq_features ; Calculation of Fractal Dimension
2019-08-18 16:16:31,495 ; INFO     ; MainLogger ; arq_features ; Calculation of Maximum fractal length (MFL)
2019-08-18 16:16:31,517 ; DEBUG    ; MainLogger ; arq_features ; Timeseries' max is 2.941294756965759e-09
2019-08-18 16:16:31,518 ; DEBUG    ; MainLogger ; arq_features ; Square differences max 3.237326676835629e-18
2019-08-18 16:16:31,520 ; DEBUG    ; MainLogger ; arq_features ; Avg differences is 5.330389250314026e-21
2019-08-18 16:16:31,522 ; INFO     ; MainLogger ; arq_features ; Calculation of Fractal Dimension
2019-08-18 16:16:31,524 ; INFO     ; MainLogger ; arq_features ; Calculation of Maximum fractal length (MFL)
2019-08-18 16:16:31,546 ; DEBUG    ; MainLogger ; arq_features ; Timeseries' max is 5.1448789686149945e-12
2019-08-18 16:16:31,547 ; DEBUG    ; MainLogger ; arq_features ; Square differences max 1.7938479887813308e-23
2019-08-18 16:16:31,550 ; DEBUG    ; MainLogger ; arq_features ; Avg differences is 1.5189327368584502e-24
2019-08-18 16:16:31,551 ; INFO     ; MainLogger ; arq_features ; Calculation of Fractal Dimension
2019-08-18 16:16:31,553 ; INFO     ; MainLogger ; arq_features ; Calculation of Maximum fractal length (MFL)
2019-08-18 16:16:31,633 ; DEBUG    ; MainLogger ; arq_features ; Timeseries' max is 1.4103400938994551e-10
2019-08-18 16:16:31,635 ; DEBUG    ; MainLogger ; arq_features ; Square differences max 1.4808404567612093e-20
2019-08-18 16:16:31,637 ; DEBUG    ; MainLogger ; arq_features ; Avg differences is 5.86632075031733e-23
2019-08-18 16:16:31,639 ; INFO     ; MainLogger ; arq_features ; Calculation of Fractal Dimension
2019-08-18 16:16:31,640 ; INFO     ; MainLogger ; arq_features ; Calculation of Maximum fractal length (MFL)
2019-08-18 16:16:31,688 ; DEBUG    ; MainLogger ; arq_features ; Timeseries' max is 1.016845989170083e-11
2019-08-18 16:16:31,690 ; DEBUG    ; MainLogger ; arq_features ; Square differences max 8.572843638829663e-23
2019-08-18 16:16:31,692 ; DEBUG    ; MainLogger ; arq_features ; Avg differences is 2.7152430475162207e-24
2019-08-18 16:16:31,693 ; INFO     ; MainLogger ; arq_features ; Calculation of Fractal Dimension
2019-08-18 16:16:31,695 ; INFO     ; MainLogger ; arq_features ; Calculation of Maximum fractal length (MFL)
2019-08-18 16:16:31,716 ; DEBUG    ; MainLogger ; arq_features ; Timeseries' max is 1.83969017344717e-09
2019-08-18 16:16:31,718 ; DEBUG    ; MainLogger ; arq_features ; Square differences max 6.32471965286225e-19
2019-08-18 16:16:31,719 ; DEBUG    ; MainLogger ; arq_features ; Avg differences is 1.7156769416561012e-21
2019-08-18 16:16:31,721 ; INFO     ; MainLogger ; arq_features ; Calculation of Fractal Dimension
2019-08-18 16:16:31,722 ; INFO     ; MainLogger ; arq_features ; Calculation of Maximum fractal length (MFL)
2019-08-18 16:16:31,742 ; DEBUG    ; MainLogger ; arq_features ; Timeseries' max is 1.22359997904584e-11
2019-08-18 16:16:31,744 ; DEBUG    ; MainLogger ; arq_features ; Square differences max 8.235155315537602e-23
2019-08-18 16:16:31,746 ; DEBUG    ; MainLogger ; arq_features ; Avg differences is 3.6731694640731125e-24
2019-08-18 16:16:31,747 ; INFO     ; MainLogger ; arq_features ; Calculation of Fractal Dimension
2019-08-18 16:16:31,748 ; INFO     ; MainLogger ; arq_features ; Calculation of Maximum fractal length (MFL)
2019-08-18 16:16:31,801 ; DEBUG    ; MainLogger ; arq_features ; Timeseries' max is 7.500607271936334e-09
2019-08-18 16:16:31,802 ; DEBUG    ; MainLogger ; arq_features ; Square differences max 3.7078697262875084e-17
2019-08-18 16:16:31,805 ; DEBUG    ; MainLogger ; arq_features ; Avg differences is 2.4663638310600928e-20
2019-08-18 16:16:31,806 ; INFO     ; MainLogger ; arq_features ; Calculation of Fractal Dimension
2019-08-18 16:16:31,808 ; INFO     ; MainLogger ; arq_features ; Calculation of Maximum fractal length (MFL)
2019-08-18 16:16:31,827 ; DEBUG    ; MainLogger ; arq_features ; Timeseries' max is 2.8831017909535267e-10
2019-08-18 16:16:31,829 ; DEBUG    ; MainLogger ; arq_features ; Square differences max 3.8224940004031436e-20
2019-08-18 16:16:31,831 ; DEBUG    ; MainLogger ; arq_features ; Avg differences is 3.1203160230698596e-22
2019-08-18 16:16:31,833 ; INFO     ; MainLogger ; arq_features ; Calculation of Fractal Dimension
2019-08-18 16:16:31,834 ; INFO     ; MainLogger ; arq_features ; Calculation of Maximum fractal length (MFL)
2019-08-18 16:16:31,849 ; DEBUG    ; MainLogger ; arq_features ; Timeseries' max is 1.5252689837551244e-11
2019-08-18 16:16:31,850 ; DEBUG    ; MainLogger ; arq_features ; Square differences max 1.9186061111761932e-22
2019-08-18 16:16:31,852 ; DEBUG    ; MainLogger ; arq_features ; Avg differences is 6.093212936598312e-24
2019-08-18 16:16:31,854 ; INFO     ; MainLogger ; arq_features ; Calculation of Fractal Dimension
2019-08-18 16:16:31,855 ; INFO     ; MainLogger ; arq_features ; Calculation of Maximum fractal length (MFL)
2019-08-18 16:16:31,891 ; DEBUG    ; MainLogger ; arq_features ; Timeseries' max is 3.738067481674457e-11
2019-08-18 16:16:31,894 ; DEBUG    ; MainLogger ; arq_features ; Square differences max 5.399080672489988e-22
2019-08-18 16:16:31,896 ; DEBUG    ; MainLogger ; arq_features ; Avg differences is 5.9064672043793034e-24
2019-08-18 16:16:31,897 ; INFO     ; MainLogger ; arq_features ; Calculation of Fractal Dimension
2019-08-18 16:16:31,899 ; INFO     ; MainLogger ; arq_features ; Calculation of Maximum fractal length (MFL)
2019-08-18 16:16:32,019 ; DEBUG    ; MainLogger ; arq_features ; Timeseries' max is 3.718265288842541e-10
2019-08-18 16:16:32,021 ; DEBUG    ; MainLogger ; arq_features ; Square differences max 6.992396204806003e-20
2019-08-18 16:16:32,023 ; DEBUG    ; MainLogger ; arq_features ; Avg differences is 3.8105985428765557e-22
2019-08-18 16:16:32,024 ; INFO     ; MainLogger ; arq_features ; Calculation of Fractal Dimension
2019-08-18 16:16:32,026 ; INFO     ; MainLogger ; arq_features ; Calculation of Maximum fractal length (MFL)
2019-08-18 16:16:32,061 ; DEBUG    ; MainLogger ; arq_features ; Timeseries' max is 2.2170973794798384e-11
2019-08-18 16:16:32,063 ; DEBUG    ; MainLogger ; arq_features ; Square differences max 4.6329055014421775e-22
2019-08-18 16:16:32,066 ; DEBUG    ; MainLogger ; arq_features ; Avg differences is 6.836142084897652e-24
2019-08-18 16:16:32,067 ; INFO     ; MainLogger ; arq_features ; Calculation of Fractal Dimension
2019-08-18 16:16:32,068 ; INFO     ; MainLogger ; arq_features ; Calculation of Maximum fractal length (MFL)
2019-08-18 16:16:32,087 ; DEBUG    ; MainLogger ; arq_features ; Timeseries' max is 1.791496797849705e-11
2019-08-18 16:16:32,089 ; DEBUG    ; MainLogger ; arq_features ; Square differences max 1.2307146024356149e-22
2019-08-18 16:16:32,091 ; DEBUG    ; MainLogger ; arq_features ; Avg differences is 6.411364252686877e-24
2019-08-18 16:16:32,092 ; INFO     ; MainLogger ; arq_features ; Calculation of Fractal Dimension
2019-08-18 16:16:32,094 ; INFO     ; MainLogger ; arq_features ; Calculation of Maximum fractal length (MFL)
2019-08-18 16:16:32,112 ; DEBUG    ; MainLogger ; arq_features ; Timeseries' max is 6.366462912410498e-12
2019-08-18 16:16:32,114 ; DEBUG    ; MainLogger ; arq_features ; Square differences max 2.39882377640378e-23
2019-08-18 16:16:32,116 ; DEBUG    ; MainLogger ; arq_features ; Avg differences is 2.0521296864138383e-24
2019-08-18 16:16:32,118 ; INFO     ; MainLogger ; arq_features ; Calculation of Fractal Dimension
2019-08-18 16:16:32,119 ; INFO     ; MainLogger ; arq_features ; Calculation of Maximum fractal length (MFL)
2019-08-18 16:16:32,155 ; DEBUG    ; MainLogger ; arq_features ; Timeseries' max is 1.4532860207239473e-10
2019-08-18 16:16:32,157 ; DEBUG    ; MainLogger ; arq_features ; Square differences max 6.530252584843157e-21
2019-08-18 16:16:32,159 ; DEBUG    ; MainLogger ; arq_features ; Avg differences is 5.784786888623747e-23
2019-08-18 16:16:32,161 ; INFO     ; MainLogger ; arq_features ; Calculation of Fractal Dimension
2019-08-18 16:16:32,162 ; INFO     ; MainLogger ; arq_features ; Calculation of Maximum fractal length (MFL)
2019-08-18 16:16:32,212 ; DEBUG    ; MainLogger ; arq_features ; Timeseries' max is 1.3585610405092482e-10
2019-08-18 16:16:32,214 ; DEBUG    ; MainLogger ; arq_features ; Square differences max 5.582948245121225e-21
2019-08-18 16:16:32,217 ; DEBUG    ; MainLogger ; arq_features ; Avg differences is 9.143411949712531e-23
2019-08-18 16:16:32,218 ; INFO     ; MainLogger ; arq_features ; Calculation of Fractal Dimension
2019-08-18 16:16:32,220 ; INFO     ; MainLogger ; arq_features ; Calculation of Maximum fractal length (MFL)
2019-08-18 16:16:32,885 ; DEBUG    ; MainLogger ; arq_features ; Timeseries' max is 1.499102065425729e-08
2019-08-18 16:16:32,887 ; DEBUG    ; MainLogger ; arq_features ; Square differences max 1.2983737443631006e-16
2019-08-18 16:16:32,890 ; DEBUG    ; MainLogger ; arq_features ; Avg differences is 7.574794888002377e-20
2019-08-18 16:16:32,891 ; INFO     ; MainLogger ; arq_features ; Calculation of Fractal Dimension
2019-08-18 16:16:32,892 ; INFO     ; MainLogger ; arq_features ; Calculation of Maximum fractal length (MFL)
2019-08-18 16:16:32,946 ; DEBUG    ; MainLogger ; arq_features ; Timeseries' max is 1.2101748941889083e-10
2019-08-18 16:16:32,948 ; DEBUG    ; MainLogger ; arq_features ; Square differences max 6.7216978125047236e-21
2019-08-18 16:16:32,951 ; DEBUG    ; MainLogger ; arq_features ; Avg differences is 8.920444472000514e-23
2019-08-18 16:16:32,951 ; INFO     ; MainLogger ; arq_features ; Calculation of Fractal Dimension
2019-08-18 16:16:32,953 ; INFO     ; MainLogger ; arq_features ; Calculation of Maximum fractal length (MFL)
2019-08-18 16:16:32,969 ; DEBUG    ; MainLogger ; arq_features ; Timeseries' max is 2.6526859506785476e-10
2019-08-18 16:16:32,971 ; DEBUG    ; MainLogger ; arq_features ; Square differences max 4.4298895884494793e-20
2019-08-18 16:16:32,973 ; DEBUG    ; MainLogger ; arq_features ; Avg differences is 1.9005181887381322e-22
2019-08-18 16:16:32,974 ; INFO     ; MainLogger ; arq_features ; Calculation of Fractal Dimension
2019-08-18 16:16:32,976 ; INFO     ; MainLogger ; arq_features ; Calculation of Maximum fractal length (MFL)
2019-08-18 16:16:32,977 ; DEBUG    ; MainLogger ; spiral_feature_extraction ; CT's feature extraction 10
2019-08-18 16:16:32,979 ; DEBUG    ; MainLogger ; spiral_feature_extraction ; Saving CT's residual feature extraction in output/archimedean.h5
2019-08-18 16:16:32,981 ; DEBUG    ; MainLogger ; reader_and_writer ; Creating dataset rd_ct_fe into file output/archimedean.h5
2019-08-18 16:31:05,768 ; DEBUG    ; MainLogger ; spiral_feature_extraction ; Starting feature extraction from archimedean spirals
2019-08-18 16:31:05,769 ; DEBUG    ; MainLogger ; spiral_feature_extraction ; Loading control files
2019-08-18 16:31:05,900 ; DEBUG    ; MainLogger ; spiral_feature_extraction ; Loading ET files 27
2019-08-18 16:31:06,208 ; DEBUG    ; MainLogger ; spiral_feature_extraction ; CT's residual radio calculation 27
2019-08-18 16:31:06,226 ; DEBUG    ; MainLogger ; arq_features ; Timeseries' max is 4.834030647877921e-12
2019-08-18 16:31:06,228 ; DEBUG    ; MainLogger ; arq_features ; Square differences max 1.406207041340147e-23
2019-08-18 16:31:06,231 ; DEBUG    ; MainLogger ; arq_features ; Avg differences is 1.2095708846628e-24
2019-08-18 16:31:06,234 ; INFO     ; MainLogger ; arq_features ; Calculation of Fractal Dimension
2019-08-18 16:31:06,236 ; INFO     ; MainLogger ; arq_features ; Calculation of Maximum fractal length (MFL)
2019-08-18 16:33:09,257 ; DEBUG    ; MainLogger ; spiral_feature_extraction ; Starting feature extraction from archimedean spirals
2019-08-18 16:33:09,259 ; DEBUG    ; MainLogger ; spiral_feature_extraction ; Loading control files
2019-08-18 16:33:09,379 ; DEBUG    ; MainLogger ; spiral_feature_extraction ; Loading ET files 27
2019-08-18 16:33:09,648 ; DEBUG    ; MainLogger ; spiral_feature_extraction ; CT's residual radio calculation 27
2019-08-18 16:33:09,662 ; DEBUG    ; MainLogger ; arq_features ; Timeseries' max is 4.834030647877921e-12
2019-08-18 16:33:09,665 ; DEBUG    ; MainLogger ; arq_features ; Square differences max 1.406207041340147e-23
2019-08-18 16:33:09,666 ; DEBUG    ; MainLogger ; arq_features ; Avg differences is 1.2095708846628e-24
2019-08-18 16:33:09,668 ; INFO     ; MainLogger ; arq_features ; Calculation of Fractal Dimension
2019-08-18 16:33:09,670 ; INFO     ; MainLogger ; arq_features ; Calculation of Maximum fractal length (MFL)
2019-08-18 16:34:07,401 ; DEBUG    ; MainLogger ; spiral_feature_extraction ; Starting feature extraction from archimedean spirals
2019-08-18 16:34:07,402 ; DEBUG    ; MainLogger ; spiral_feature_extraction ; Loading control files
2019-08-18 16:34:07,522 ; DEBUG    ; MainLogger ; spiral_feature_extraction ; Loading ET files 27
2019-08-18 16:34:07,784 ; DEBUG    ; MainLogger ; spiral_feature_extraction ; CT's residual radio calculation 27
2019-08-18 16:34:25,806 ; DEBUG    ; MainLogger ; spiral_feature_extraction ; Starting feature extraction from archimedean spirals
2019-08-18 16:34:25,807 ; DEBUG    ; MainLogger ; spiral_feature_extraction ; Loading control files
2019-08-18 16:34:25,924 ; DEBUG    ; MainLogger ; spiral_feature_extraction ; Loading ET files 27
2019-08-18 16:34:26,189 ; DEBUG    ; MainLogger ; spiral_feature_extraction ; CT's residual radio calculation 27
2019-08-18 16:34:26,206 ; DEBUG    ; MainLogger ; arq_features ; Timeseries' max is 4.834030647877921e-12
2019-08-18 16:34:26,208 ; DEBUG    ; MainLogger ; arq_features ; Square differences max 1.406207041340147e-23
2019-08-18 16:34:26,212 ; DEBUG    ; MainLogger ; arq_features ; Avg differences is 1.2095708846628e-24
2019-08-18 16:34:26,215 ; INFO     ; MainLogger ; arq_features ; Calculation of Fractal Dimension
2019-08-18 16:34:26,217 ; INFO     ; MainLogger ; arq_features ; Calculation of Maximum fractal length (MFL)
2019-08-18 16:37:13,239 ; DEBUG    ; MainLogger ; spiral_feature_extraction ; Starting feature extraction from archimedean spirals
2019-08-18 16:37:13,240 ; DEBUG    ; MainLogger ; spiral_feature_extraction ; Loading control files
2019-08-18 16:37:13,358 ; DEBUG    ; MainLogger ; spiral_feature_extraction ; Loading ET files 27
2019-08-18 16:37:13,666 ; DEBUG    ; MainLogger ; spiral_feature_extraction ; CT's residual radio calculation 27
2019-08-18 16:37:13,680 ; DEBUG    ; MainLogger ; arq_features ; Timeseries' max is 4.834030647877921e-12
2019-08-18 16:37:13,683 ; DEBUG    ; MainLogger ; arq_features ; Square differences max 1.406207041340147e-23
2019-08-18 16:37:13,685 ; DEBUG    ; MainLogger ; arq_features ; Avg differences is 1.2095708846628e-24
2019-08-18 16:37:13,687 ; INFO     ; MainLogger ; arq_features ; Calculation of Fractal Dimension
2019-08-18 16:37:13,688 ; INFO     ; MainLogger ; arq_features ; Calculation of Maximum fractal length (MFL)
2019-08-18 16:38:46,727 ; DEBUG    ; MainLogger ; spiral_feature_extraction ; Starting feature extraction from archimedean spirals
2019-08-18 16:38:46,729 ; DEBUG    ; MainLogger ; spiral_feature_extraction ; Loading control files
2019-08-18 16:38:46,848 ; DEBUG    ; MainLogger ; spiral_feature_extraction ; Loading ET files 27
2019-08-18 16:38:47,114 ; DEBUG    ; MainLogger ; spiral_feature_extraction ; CT's residual radio calculation 27
2019-08-18 16:38:47,129 ; DEBUG    ; MainLogger ; arq_features ; Timeseries' max is 4.834030647877921e-12
2019-08-18 16:38:47,131 ; DEBUG    ; MainLogger ; arq_features ; Square differences max 1.406207041340147e-23
2019-08-18 16:38:47,134 ; DEBUG    ; MainLogger ; arq_features ; Avg differences is 1.2095708846628e-24
2019-08-18 16:38:47,135 ; INFO     ; MainLogger ; arq_features ; Calculation of Fractal Dimension
2019-08-18 16:38:47,137 ; INFO     ; MainLogger ; arq_features ; Calculation of Maximum fractal length (MFL)
2019-08-18 16:39:00,231 ; DEBUG    ; MainLogger ; spiral_feature_extraction ; Starting feature extraction from archimedean spirals
2019-08-18 16:39:00,233 ; DEBUG    ; MainLogger ; spiral_feature_extraction ; Loading control files
2019-08-18 16:39:00,459 ; DEBUG    ; MainLogger ; spiral_feature_extraction ; Loading ET files 27
2019-08-18 16:39:00,818 ; DEBUG    ; MainLogger ; spiral_feature_extraction ; CT's residual radio calculation 27
2019-08-18 16:39:00,836 ; DEBUG    ; MainLogger ; arq_features ; Timeseries' max is 4.834030647877921e-12
2019-08-18 16:39:00,839 ; DEBUG    ; MainLogger ; arq_features ; Square differences max 1.406207041340147e-23
2019-08-18 16:39:00,841 ; DEBUG    ; MainLogger ; arq_features ; Avg differences is 1.2095708846628e-24
2019-08-18 16:39:00,843 ; INFO     ; MainLogger ; arq_features ; Calculation of Fractal Dimension
2019-08-18 16:39:00,844 ; INFO     ; MainLogger ; arq_features ; Calculation of Maximum fractal length (MFL)
2019-08-18 16:39:42,570 ; DEBUG    ; MainLogger ; spiral_feature_extraction ; Starting feature extraction from archimedean spirals
2019-08-18 16:39:42,572 ; DEBUG    ; MainLogger ; spiral_feature_extraction ; Loading control files
2019-08-18 16:39:42,710 ; DEBUG    ; MainLogger ; spiral_feature_extraction ; Loading ET files 27
2019-08-18 16:39:43,001 ; DEBUG    ; MainLogger ; spiral_feature_extraction ; CT's residual radio calculation 27
2019-08-18 16:39:43,015 ; DEBUG    ; MainLogger ; arq_features ; Timeseries' max is 4.834030647877921e-12
2019-08-18 16:39:43,017 ; DEBUG    ; MainLogger ; arq_features ; Square differences max 1.406207041340147e-23
2019-08-18 16:39:43,019 ; DEBUG    ; MainLogger ; arq_features ; Avg differences is 1.2095708846628e-24
2019-08-18 16:39:43,020 ; INFO     ; MainLogger ; arq_features ; Calculation of Fractal Dimension
2019-08-18 16:39:43,021 ; INFO     ; MainLogger ; arq_features ; Calculation of Maximum fractal length (MFL)
2019-08-18 16:40:20,064 ; DEBUG    ; MainLogger ; spiral_feature_extraction ; Starting feature extraction from archimedean spirals
2019-08-18 16:40:20,066 ; DEBUG    ; MainLogger ; spiral_feature_extraction ; Loading control files
2019-08-18 16:40:20,188 ; DEBUG    ; MainLogger ; spiral_feature_extraction ; Loading ET files 27
2019-08-18 16:40:20,457 ; DEBUG    ; MainLogger ; spiral_feature_extraction ; CT's residual radio calculation 27
2019-08-18 16:40:20,471 ; DEBUG    ; MainLogger ; arq_features ; Timeseries' max is 4.834030647877921e-12
2019-08-18 16:40:20,473 ; DEBUG    ; MainLogger ; arq_features ; Square differences max 1.406207041340147e-23
2019-08-18 16:40:20,476 ; DEBUG    ; MainLogger ; arq_features ; Avg differences is 1.2095708846628e-24
2019-08-18 16:40:20,477 ; INFO     ; MainLogger ; arq_features ; Calculation of Fractal Dimension
2019-08-18 16:40:20,479 ; INFO     ; MainLogger ; arq_features ; Calculation of Maximum fractal length (MFL)
2019-08-18 16:40:20,532 ; DEBUG    ; MainLogger ; arq_features ; Timeseries' max is 3.1767284229450486e-11
2019-08-18 16:40:20,534 ; DEBUG    ; MainLogger ; arq_features ; Square differences max 5.459506138084254e-22
2019-08-18 16:40:20,536 ; DEBUG    ; MainLogger ; arq_features ; Avg differences is 1.535204059472717e-23
2019-08-18 16:40:20,537 ; INFO     ; MainLogger ; arq_features ; Calculation of Fractal Dimension
2019-08-18 16:40:20,538 ; INFO     ; MainLogger ; arq_features ; Calculation of Maximum fractal length (MFL)
2019-08-18 16:40:20,589 ; DEBUG    ; MainLogger ; arq_features ; Timeseries' max is 4.038811914356214e-11
2019-08-18 16:40:20,590 ; DEBUG    ; MainLogger ; arq_features ; Square differences max 6.257605178338828e-22
2019-08-18 16:40:20,592 ; DEBUG    ; MainLogger ; arq_features ; Avg differences is 1.0777845561497434e-23
2019-08-18 16:40:20,593 ; INFO     ; MainLogger ; arq_features ; Calculation of Fractal Dimension
2019-08-18 16:40:20,595 ; INFO     ; MainLogger ; arq_features ; Calculation of Maximum fractal length (MFL)
2019-08-18 16:40:20,646 ; DEBUG    ; MainLogger ; arq_features ; Timeseries' max is 4.917440289515108e-10
2019-08-18 16:40:20,647 ; DEBUG    ; MainLogger ; arq_features ; Square differences max 7.832020441090563e-20
2019-08-18 16:40:20,649 ; DEBUG    ; MainLogger ; arq_features ; Avg differences is 6.510978716509096e-22
2019-08-18 16:40:20,650 ; INFO     ; MainLogger ; arq_features ; Calculation of Fractal Dimension
2019-08-18 16:40:20,652 ; INFO     ; MainLogger ; arq_features ; Calculation of Maximum fractal length (MFL)
2019-08-18 16:40:20,708 ; DEBUG    ; MainLogger ; arq_features ; Timeseries' max is 1.2643284912390158e-11
2019-08-18 16:40:20,710 ; DEBUG    ; MainLogger ; arq_features ; Square differences max 1.075334796318936e-22
2019-08-18 16:40:20,712 ; DEBUG    ; MainLogger ; arq_features ; Avg differences is 2.3633866850126155e-24
2019-08-18 16:40:20,713 ; INFO     ; MainLogger ; arq_features ; Calculation of Fractal Dimension
2019-08-18 16:40:20,715 ; INFO     ; MainLogger ; arq_features ; Calculation of Maximum fractal length (MFL)
2019-08-18 16:40:20,772 ; DEBUG    ; MainLogger ; arq_features ; Timeseries' max is 1.7659192816561335e-11
2019-08-18 16:40:20,774 ; DEBUG    ; MainLogger ; arq_features ; Square differences max 2.805523869365463e-22
2019-08-18 16:40:20,776 ; DEBUG    ; MainLogger ; arq_features ; Avg differences is 8.884658770699715e-24
2019-08-18 16:40:20,777 ; INFO     ; MainLogger ; arq_features ; Calculation of Fractal Dimension
2019-08-18 16:40:20,778 ; INFO     ; MainLogger ; arq_features ; Calculation of Maximum fractal length (MFL)
2019-08-18 16:40:20,838 ; DEBUG    ; MainLogger ; arq_features ; Timeseries' max is 4.011047961548204e-09
2019-08-18 16:40:20,840 ; DEBUG    ; MainLogger ; arq_features ; Square differences max 7.067848359353108e-18
2019-08-18 16:40:20,842 ; DEBUG    ; MainLogger ; arq_features ; Avg differences is 5.6263313103040094e-21
2019-08-18 16:40:20,843 ; INFO     ; MainLogger ; arq_features ; Calculation of Fractal Dimension
2019-08-18 16:40:20,844 ; INFO     ; MainLogger ; arq_features ; Calculation of Maximum fractal length (MFL)
2019-08-18 16:40:20,933 ; DEBUG    ; MainLogger ; arq_features ; Timeseries' max is 1.2371765866202707e-09
2019-08-18 16:40:20,934 ; DEBUG    ; MainLogger ; arq_features ; Square differences max 3.1715790844923185e-19
2019-08-18 16:40:20,936 ; DEBUG    ; MainLogger ; arq_features ; Avg differences is 1.3004307381370077e-21
2019-08-18 16:40:20,938 ; INFO     ; MainLogger ; arq_features ; Calculation of Fractal Dimension
2019-08-18 16:40:20,939 ; INFO     ; MainLogger ; arq_features ; Calculation of Maximum fractal length (MFL)
2019-08-18 16:40:21,012 ; DEBUG    ; MainLogger ; arq_features ; Timeseries' max is 2.941294756965759e-09
2019-08-18 16:40:21,014 ; DEBUG    ; MainLogger ; arq_features ; Square differences max 3.237326676835629e-18
2019-08-18 16:40:21,016 ; DEBUG    ; MainLogger ; arq_features ; Avg differences is 5.330389250314026e-21
2019-08-18 16:40:21,017 ; INFO     ; MainLogger ; arq_features ; Calculation of Fractal Dimension
2019-08-18 16:40:21,019 ; INFO     ; MainLogger ; arq_features ; Calculation of Maximum fractal length (MFL)
2019-08-18 16:40:21,082 ; DEBUG    ; MainLogger ; arq_features ; Timeseries' max is 5.1448789686149945e-12
2019-08-18 16:40:21,085 ; DEBUG    ; MainLogger ; arq_features ; Square differences max 1.7938479887813308e-23
2019-08-18 16:40:21,088 ; DEBUG    ; MainLogger ; arq_features ; Avg differences is 1.5189327368584502e-24
2019-08-18 16:40:21,090 ; INFO     ; MainLogger ; arq_features ; Calculation of Fractal Dimension
2019-08-18 16:40:21,091 ; INFO     ; MainLogger ; arq_features ; Calculation of Maximum fractal length (MFL)
2019-08-18 16:40:21,227 ; DEBUG    ; MainLogger ; arq_features ; Timeseries' max is 1.4103400938994551e-10
2019-08-18 16:40:21,229 ; DEBUG    ; MainLogger ; arq_features ; Square differences max 1.4808404567612093e-20
2019-08-18 16:40:21,231 ; DEBUG    ; MainLogger ; arq_features ; Avg differences is 5.86632075031733e-23
2019-08-18 16:40:21,234 ; INFO     ; MainLogger ; arq_features ; Calculation of Fractal Dimension
2019-08-18 16:40:21,235 ; INFO     ; MainLogger ; arq_features ; Calculation of Maximum fractal length (MFL)
2019-08-18 16:40:21,346 ; DEBUG    ; MainLogger ; arq_features ; Timeseries' max is 1.016845989170083e-11
2019-08-18 16:40:21,349 ; DEBUG    ; MainLogger ; arq_features ; Square differences max 8.572843638829663e-23
2019-08-18 16:40:21,352 ; DEBUG    ; MainLogger ; arq_features ; Avg differences is 2.7152430475162207e-24
2019-08-18 16:40:21,354 ; INFO     ; MainLogger ; arq_features ; Calculation of Fractal Dimension
2019-08-18 16:40:21,356 ; INFO     ; MainLogger ; arq_features ; Calculation of Maximum fractal length (MFL)
2019-08-18 16:40:21,446 ; DEBUG    ; MainLogger ; arq_features ; Timeseries' max is 1.83969017344717e-09
2019-08-18 16:40:21,448 ; DEBUG    ; MainLogger ; arq_features ; Square differences max 6.32471965286225e-19
2019-08-18 16:40:21,450 ; DEBUG    ; MainLogger ; arq_features ; Avg differences is 1.7156769416561012e-21
2019-08-18 16:40:21,452 ; INFO     ; MainLogger ; arq_features ; Calculation of Fractal Dimension
2019-08-18 16:40:21,453 ; INFO     ; MainLogger ; arq_features ; Calculation of Maximum fractal length (MFL)
2019-08-18 16:40:21,511 ; DEBUG    ; MainLogger ; arq_features ; Timeseries' max is 1.22359997904584e-11
2019-08-18 16:40:21,513 ; DEBUG    ; MainLogger ; arq_features ; Square differences max 8.235155315537602e-23
2019-08-18 16:40:21,514 ; DEBUG    ; MainLogger ; arq_features ; Avg differences is 3.6731694640731125e-24
2019-08-18 16:40:21,516 ; INFO     ; MainLogger ; arq_features ; Calculation of Fractal Dimension
2019-08-18 16:40:21,517 ; INFO     ; MainLogger ; arq_features ; Calculation of Maximum fractal length (MFL)
2019-08-18 16:40:21,608 ; DEBUG    ; MainLogger ; arq_features ; Timeseries' max is 7.500607271936334e-09
2019-08-18 16:40:21,610 ; DEBUG    ; MainLogger ; arq_features ; Square differences max 3.7078697262875084e-17
2019-08-18 16:40:21,612 ; DEBUG    ; MainLogger ; arq_features ; Avg differences is 2.4663638310600928e-20
2019-08-18 16:40:21,614 ; INFO     ; MainLogger ; arq_features ; Calculation of Fractal Dimension
2019-08-18 16:40:21,616 ; INFO     ; MainLogger ; arq_features ; Calculation of Maximum fractal length (MFL)
2019-08-18 16:40:21,680 ; DEBUG    ; MainLogger ; arq_features ; Timeseries' max is 2.8831017909535267e-10
2019-08-18 16:40:21,683 ; DEBUG    ; MainLogger ; arq_features ; Square differences max 3.8224940004031436e-20
2019-08-18 16:40:21,685 ; DEBUG    ; MainLogger ; arq_features ; Avg differences is 3.1203160230698596e-22
2019-08-18 16:40:21,687 ; INFO     ; MainLogger ; arq_features ; Calculation of Fractal Dimension
2019-08-18 16:40:21,688 ; INFO     ; MainLogger ; arq_features ; Calculation of Maximum fractal length (MFL)
2019-08-18 16:40:21,727 ; DEBUG    ; MainLogger ; arq_features ; Timeseries' max is 1.5252689837551244e-11
2019-08-18 16:40:21,729 ; DEBUG    ; MainLogger ; arq_features ; Square differences max 1.9186061111761932e-22
2019-08-18 16:40:21,730 ; DEBUG    ; MainLogger ; arq_features ; Avg differences is 6.093212936598312e-24
2019-08-18 16:40:21,732 ; INFO     ; MainLogger ; arq_features ; Calculation of Fractal Dimension
2019-08-18 16:40:21,733 ; INFO     ; MainLogger ; arq_features ; Calculation of Maximum fractal length (MFL)
2019-08-18 16:40:21,787 ; DEBUG    ; MainLogger ; arq_features ; Timeseries' max is 3.738067481674457e-11
2019-08-18 16:40:21,788 ; DEBUG    ; MainLogger ; arq_features ; Square differences max 5.399080672489988e-22
2019-08-18 16:40:21,790 ; DEBUG    ; MainLogger ; arq_features ; Avg differences is 5.9064672043793034e-24
2019-08-18 16:40:21,792 ; INFO     ; MainLogger ; arq_features ; Calculation of Fractal Dimension
2019-08-18 16:40:21,794 ; INFO     ; MainLogger ; arq_features ; Calculation of Maximum fractal length (MFL)
2019-08-18 16:40:21,944 ; DEBUG    ; MainLogger ; arq_features ; Timeseries' max is 3.718265288842541e-10
2019-08-18 16:40:21,947 ; DEBUG    ; MainLogger ; arq_features ; Square differences max 6.992396204806003e-20
2019-08-18 16:40:21,950 ; DEBUG    ; MainLogger ; arq_features ; Avg differences is 3.8105985428765557e-22
2019-08-18 16:40:21,952 ; INFO     ; MainLogger ; arq_features ; Calculation of Fractal Dimension
2019-08-18 16:40:21,953 ; INFO     ; MainLogger ; arq_features ; Calculation of Maximum fractal length (MFL)
2019-08-18 16:40:22,062 ; DEBUG    ; MainLogger ; arq_features ; Timeseries' max is 2.2170973794798384e-11
2019-08-18 16:40:22,063 ; DEBUG    ; MainLogger ; arq_features ; Square differences max 4.6329055014421775e-22
2019-08-18 16:40:22,066 ; DEBUG    ; MainLogger ; arq_features ; Avg differences is 6.836142084897652e-24
2019-08-18 16:40:22,067 ; INFO     ; MainLogger ; arq_features ; Calculation of Fractal Dimension
2019-08-18 16:40:22,068 ; INFO     ; MainLogger ; arq_features ; Calculation of Maximum fractal length (MFL)
2019-08-18 16:40:22,141 ; DEBUG    ; MainLogger ; arq_features ; Timeseries' max is 1.791496797849705e-11
2019-08-18 16:40:22,143 ; DEBUG    ; MainLogger ; arq_features ; Square differences max 1.2307146024356149e-22
2019-08-18 16:40:22,145 ; DEBUG    ; MainLogger ; arq_features ; Avg differences is 6.411364252686877e-24
2019-08-18 16:40:22,146 ; INFO     ; MainLogger ; arq_features ; Calculation of Fractal Dimension
2019-08-18 16:40:22,147 ; INFO     ; MainLogger ; arq_features ; Calculation of Maximum fractal length (MFL)
2019-08-18 16:40:22,212 ; DEBUG    ; MainLogger ; arq_features ; Timeseries' max is 6.366462912410498e-12
2019-08-18 16:40:22,213 ; DEBUG    ; MainLogger ; arq_features ; Square differences max 2.39882377640378e-23
2019-08-18 16:40:22,216 ; DEBUG    ; MainLogger ; arq_features ; Avg differences is 2.0521296864138383e-24
2019-08-18 16:40:22,218 ; INFO     ; MainLogger ; arq_features ; Calculation of Fractal Dimension
2019-08-18 16:40:22,219 ; INFO     ; MainLogger ; arq_features ; Calculation of Maximum fractal length (MFL)
2019-08-18 16:40:22,283 ; DEBUG    ; MainLogger ; arq_features ; Timeseries' max is 1.4532860207239473e-10
2019-08-18 16:40:22,285 ; DEBUG    ; MainLogger ; arq_features ; Square differences max 6.530252584843157e-21
2019-08-18 16:40:22,286 ; DEBUG    ; MainLogger ; arq_features ; Avg differences is 5.784786888623747e-23
2019-08-18 16:40:22,287 ; INFO     ; MainLogger ; arq_features ; Calculation of Fractal Dimension
2019-08-18 16:40:22,288 ; INFO     ; MainLogger ; arq_features ; Calculation of Maximum fractal length (MFL)
2019-08-18 16:40:22,371 ; DEBUG    ; MainLogger ; arq_features ; Timeseries' max is 1.3585610405092482e-10
2019-08-18 16:40:22,372 ; DEBUG    ; MainLogger ; arq_features ; Square differences max 5.582948245121225e-21
2019-08-18 16:40:22,374 ; DEBUG    ; MainLogger ; arq_features ; Avg differences is 9.143411949712531e-23
2019-08-18 16:40:22,375 ; INFO     ; MainLogger ; arq_features ; Calculation of Fractal Dimension
2019-08-18 16:40:22,376 ; INFO     ; MainLogger ; arq_features ; Calculation of Maximum fractal length (MFL)
2019-08-18 16:40:22,988 ; DEBUG    ; MainLogger ; arq_features ; Timeseries' max is 1.499102065425729e-08
2019-08-18 16:40:22,990 ; DEBUG    ; MainLogger ; arq_features ; Square differences max 1.2983737443631006e-16
2019-08-18 16:40:22,992 ; DEBUG    ; MainLogger ; arq_features ; Avg differences is 7.574794888002377e-20
2019-08-18 16:40:22,993 ; INFO     ; MainLogger ; arq_features ; Calculation of Fractal Dimension
2019-08-18 16:40:22,995 ; INFO     ; MainLogger ; arq_features ; Calculation of Maximum fractal length (MFL)
2019-08-18 16:40:23,162 ; DEBUG    ; MainLogger ; arq_features ; Timeseries' max is 1.2101748941889083e-10
2019-08-18 16:40:23,163 ; DEBUG    ; MainLogger ; arq_features ; Square differences max 6.7216978125047236e-21
2019-08-18 16:40:23,167 ; DEBUG    ; MainLogger ; arq_features ; Avg differences is 8.920444472000514e-23
2019-08-18 16:40:23,168 ; INFO     ; MainLogger ; arq_features ; Calculation of Fractal Dimension
2019-08-18 16:40:23,169 ; INFO     ; MainLogger ; arq_features ; Calculation of Maximum fractal length (MFL)
2019-08-18 16:40:23,279 ; DEBUG    ; MainLogger ; arq_features ; Timeseries' max is 2.6526859506785476e-10
2019-08-18 16:40:23,282 ; DEBUG    ; MainLogger ; arq_features ; Square differences max 4.4298895884494793e-20
2019-08-18 16:40:23,284 ; DEBUG    ; MainLogger ; arq_features ; Avg differences is 1.9005181887381322e-22
2019-08-18 16:40:23,285 ; INFO     ; MainLogger ; arq_features ; Calculation of Fractal Dimension
2019-08-18 16:40:23,286 ; INFO     ; MainLogger ; arq_features ; Calculation of Maximum fractal length (MFL)
2019-08-18 16:40:23,317 ; DEBUG    ; MainLogger ; spiral_feature_extraction ; CT's feature extraction 11
2019-08-18 16:40:23,319 ; DEBUG    ; MainLogger ; spiral_feature_extraction ; Saving CT's residual feature extraction in output/archimedean.h5
2019-08-18 16:40:23,321 ; DEBUG    ; MainLogger ; reader_and_writer ; Creating dataset rd_ct_fe into file output/archimedean.h5
2019-08-18 16:41:49,684 ; DEBUG    ; MainLogger ; spiral_feature_extraction ; Starting feature extraction from archimedean spirals
2019-08-18 16:41:49,687 ; DEBUG    ; MainLogger ; spiral_feature_extraction ; Loading control files
2019-08-18 16:41:49,807 ; DEBUG    ; MainLogger ; spiral_feature_extraction ; Loading ET files 27
2019-08-18 16:41:50,076 ; DEBUG    ; MainLogger ; spiral_feature_extraction ; CT's residual radio calculation 27
2019-08-18 16:41:50,090 ; DEBUG    ; MainLogger ; arq_features ; Timeseries' max is 4.834030647877921e-12
2019-08-18 16:41:50,092 ; DEBUG    ; MainLogger ; arq_features ; Square differences max 1.406207041340147e-23
2019-08-18 16:41:50,094 ; DEBUG    ; MainLogger ; arq_features ; Avg differences is 1.2095708846628e-24
2019-08-18 16:41:50,095 ; INFO     ; MainLogger ; arq_features ; Calculation of Fractal Dimension
2019-08-18 16:41:50,097 ; INFO     ; MainLogger ; arq_features ; Calculation of Maximum fractal length (MFL)
2019-08-18 16:41:50,099 ; INFO     ; MainLogger ; arq_features ; Calculation of Myopulse percentage rate (MYO)
2019-08-18 16:41:50,135 ; DEBUG    ; MainLogger ; arq_features ; Myopulse percentage rate (MYO) 0.010539034704974156
2019-08-18 16:41:50,153 ; DEBUG    ; MainLogger ; arq_features ; Timeseries' max is 3.1767284229450486e-11
2019-08-18 16:41:50,154 ; DEBUG    ; MainLogger ; arq_features ; Square differences max 5.459506138084254e-22
2019-08-18 16:41:50,156 ; DEBUG    ; MainLogger ; arq_features ; Avg differences is 1.535204059472717e-23
2019-08-18 16:41:50,157 ; INFO     ; MainLogger ; arq_features ; Calculation of Fractal Dimension
2019-08-18 16:41:50,159 ; INFO     ; MainLogger ; arq_features ; Calculation of Maximum fractal length (MFL)
2019-08-18 16:41:50,161 ; INFO     ; MainLogger ; arq_features ; Calculation of Myopulse percentage rate (MYO)
2019-08-18 16:41:50,199 ; DEBUG    ; MainLogger ; arq_features ; Myopulse percentage rate (MYO) 0.07618185345663843
2019-08-18 16:41:50,213 ; DEBUG    ; MainLogger ; arq_features ; Timeseries' max is 4.038811914356214e-11
2019-08-18 16:41:50,214 ; DEBUG    ; MainLogger ; arq_features ; Square differences max 6.257605178338828e-22
2019-08-18 16:41:50,216 ; DEBUG    ; MainLogger ; arq_features ; Avg differences is 1.0777845561497434e-23
2019-08-18 16:41:50,217 ; INFO     ; MainLogger ; arq_features ; Calculation of Fractal Dimension
2019-08-18 16:41:50,219 ; INFO     ; MainLogger ; arq_features ; Calculation of Maximum fractal length (MFL)
2019-08-18 16:41:50,220 ; INFO     ; MainLogger ; arq_features ; Calculation of Myopulse percentage rate (MYO)
2019-08-18 16:41:50,253 ; DEBUG    ; MainLogger ; arq_features ; Myopulse percentage rate (MYO) 0.10947249007373795
2019-08-18 16:41:50,271 ; DEBUG    ; MainLogger ; arq_features ; Timeseries' max is 4.917440289515108e-10
2019-08-18 16:41:50,273 ; DEBUG    ; MainLogger ; arq_features ; Square differences max 7.832020441090563e-20
2019-08-18 16:41:50,274 ; DEBUG    ; MainLogger ; arq_features ; Avg differences is 6.510978716509096e-22
2019-08-18 16:41:50,276 ; INFO     ; MainLogger ; arq_features ; Calculation of Fractal Dimension
2019-08-18 16:41:50,277 ; INFO     ; MainLogger ; arq_features ; Calculation of Maximum fractal length (MFL)
2019-08-18 16:41:50,279 ; INFO     ; MainLogger ; arq_features ; Calculation of Myopulse percentage rate (MYO)
2019-08-18 16:41:50,319 ; DEBUG    ; MainLogger ; arq_features ; Myopulse percentage rate (MYO) 0.07698146625339997
2019-08-18 16:41:50,337 ; DEBUG    ; MainLogger ; arq_features ; Timeseries' max is 1.2643284912390158e-11
2019-08-18 16:41:50,339 ; DEBUG    ; MainLogger ; arq_features ; Square differences max 1.075334796318936e-22
2019-08-18 16:41:50,340 ; DEBUG    ; MainLogger ; arq_features ; Avg differences is 2.3633866850126155e-24
2019-08-18 16:41:50,342 ; INFO     ; MainLogger ; arq_features ; Calculation of Fractal Dimension
2019-08-18 16:41:50,343 ; INFO     ; MainLogger ; arq_features ; Calculation of Maximum fractal length (MFL)
2019-08-18 16:41:50,346 ; INFO     ; MainLogger ; arq_features ; Calculation of Myopulse percentage rate (MYO)
2019-08-18 16:41:50,383 ; DEBUG    ; MainLogger ; arq_features ; Myopulse percentage rate (MYO) 0.07052980132450332
2019-08-18 16:41:50,400 ; DEBUG    ; MainLogger ; arq_features ; Timeseries' max is 1.7659192816561335e-11
2019-08-18 16:41:50,402 ; DEBUG    ; MainLogger ; arq_features ; Square differences max 2.805523869365463e-22
2019-08-18 16:41:50,404 ; DEBUG    ; MainLogger ; arq_features ; Avg differences is 8.884658770699715e-24
2019-08-18 16:41:50,405 ; INFO     ; MainLogger ; arq_features ; Calculation of Fractal Dimension
2019-08-18 16:41:50,406 ; INFO     ; MainLogger ; arq_features ; Calculation of Maximum fractal length (MFL)
2019-08-18 16:41:50,408 ; INFO     ; MainLogger ; arq_features ; Calculation of Myopulse percentage rate (MYO)
2019-08-18 16:41:50,449 ; DEBUG    ; MainLogger ; arq_features ; Myopulse percentage rate (MYO) 0.03864478560084701
2019-08-18 16:41:50,467 ; DEBUG    ; MainLogger ; arq_features ; Timeseries' max is 4.011047961548204e-09
2019-08-18 16:41:50,469 ; DEBUG    ; MainLogger ; arq_features ; Square differences max 7.067848359353108e-18
2019-08-18 16:41:50,471 ; DEBUG    ; MainLogger ; arq_features ; Avg differences is 5.6263313103040094e-21
2019-08-18 16:41:50,472 ; INFO     ; MainLogger ; arq_features ; Calculation of Fractal Dimension
2019-08-18 16:41:50,473 ; INFO     ; MainLogger ; arq_features ; Calculation of Maximum fractal length (MFL)
2019-08-18 16:41:50,475 ; INFO     ; MainLogger ; arq_features ; Calculation of Myopulse percentage rate (MYO)
2019-08-18 16:41:50,516 ; DEBUG    ; MainLogger ; arq_features ; Myopulse percentage rate (MYO) 0.019681349578256794
2019-08-18 16:41:50,566 ; DEBUG    ; MainLogger ; arq_features ; Timeseries' max is 1.2371765866202707e-09
2019-08-18 16:41:50,568 ; DEBUG    ; MainLogger ; arq_features ; Square differences max 3.1715790844923185e-19
2019-08-18 16:41:50,570 ; DEBUG    ; MainLogger ; arq_features ; Avg differences is 1.3004307381370077e-21
2019-08-18 16:41:50,571 ; INFO     ; MainLogger ; arq_features ; Calculation of Fractal Dimension
2019-08-18 16:41:50,573 ; INFO     ; MainLogger ; arq_features ; Calculation of Maximum fractal length (MFL)
2019-08-18 16:41:50,575 ; INFO     ; MainLogger ; arq_features ; Calculation of Myopulse percentage rate (MYO)
2019-08-18 16:41:50,633 ; DEBUG    ; MainLogger ; arq_features ; Myopulse percentage rate (MYO) 0.0394640384458744
2019-08-18 16:41:50,653 ; DEBUG    ; MainLogger ; arq_features ; Timeseries' max is 2.941294756965759e-09
2019-08-18 16:41:50,655 ; DEBUG    ; MainLogger ; arq_features ; Square differences max 3.237326676835629e-18
2019-08-18 16:41:50,657 ; DEBUG    ; MainLogger ; arq_features ; Avg differences is 5.330389250314026e-21
2019-08-18 16:41:50,658 ; INFO     ; MainLogger ; arq_features ; Calculation of Fractal Dimension
2019-08-18 16:41:50,660 ; INFO     ; MainLogger ; arq_features ; Calculation of Maximum fractal length (MFL)
2019-08-18 16:41:50,661 ; INFO     ; MainLogger ; arq_features ; Calculation of Myopulse percentage rate (MYO)
2019-08-18 16:41:50,709 ; DEBUG    ; MainLogger ; arq_features ; Myopulse percentage rate (MYO) 0.06690102164121718
2019-08-18 16:41:50,734 ; DEBUG    ; MainLogger ; arq_features ; Timeseries' max is 5.1448789686149945e-12
2019-08-18 16:41:50,737 ; DEBUG    ; MainLogger ; arq_features ; Square differences max 1.7938479887813308e-23
2019-08-18 16:41:50,741 ; DEBUG    ; MainLogger ; arq_features ; Avg differences is 1.5189327368584502e-24
2019-08-18 16:41:50,743 ; INFO     ; MainLogger ; arq_features ; Calculation of Fractal Dimension
2019-08-18 16:41:50,745 ; INFO     ; MainLogger ; arq_features ; Calculation of Maximum fractal length (MFL)
2019-08-18 16:41:50,748 ; INFO     ; MainLogger ; arq_features ; Calculation of Myopulse percentage rate (MYO)
2019-08-18 16:41:50,789 ; DEBUG    ; MainLogger ; arq_features ; Myopulse percentage rate (MYO) 0.00346989030669353
2019-08-18 16:41:50,857 ; DEBUG    ; MainLogger ; arq_features ; Timeseries' max is 1.4103400938994551e-10
2019-08-18 16:41:50,860 ; DEBUG    ; MainLogger ; arq_features ; Square differences max 1.4808404567612093e-20
2019-08-18 16:41:50,863 ; DEBUG    ; MainLogger ; arq_features ; Avg differences is 5.86632075031733e-23
2019-08-18 16:41:50,864 ; INFO     ; MainLogger ; arq_features ; Calculation of Fractal Dimension
2019-08-18 16:41:50,867 ; INFO     ; MainLogger ; arq_features ; Calculation of Maximum fractal length (MFL)
2019-08-18 16:41:50,869 ; INFO     ; MainLogger ; arq_features ; Calculation of Myopulse percentage rate (MYO)
2019-08-18 16:41:50,929 ; DEBUG    ; MainLogger ; arq_features ; Myopulse percentage rate (MYO) 0.04619812729988706
2019-08-18 16:41:50,964 ; DEBUG    ; MainLogger ; arq_features ; Timeseries' max is 1.016845989170083e-11
2019-08-18 16:41:50,967 ; DEBUG    ; MainLogger ; arq_features ; Square differences max 8.572843638829663e-23
2019-08-18 16:41:50,969 ; DEBUG    ; MainLogger ; arq_features ; Avg differences is 2.7152430475162207e-24
2019-08-18 16:41:50,970 ; INFO     ; MainLogger ; arq_features ; Calculation of Fractal Dimension
2019-08-18 16:41:50,971 ; INFO     ; MainLogger ; arq_features ; Calculation of Maximum fractal length (MFL)
2019-08-18 16:41:50,973 ; INFO     ; MainLogger ; arq_features ; Calculation of Myopulse percentage rate (MYO)
2019-08-18 16:41:51,037 ; DEBUG    ; MainLogger ; arq_features ; Myopulse percentage rate (MYO) 0.06389592447616854
2019-08-18 16:41:51,058 ; DEBUG    ; MainLogger ; arq_features ; Timeseries' max is 1.83969017344717e-09
2019-08-18 16:41:51,060 ; DEBUG    ; MainLogger ; arq_features ; Square differences max 6.32471965286225e-19
2019-08-18 16:41:51,062 ; DEBUG    ; MainLogger ; arq_features ; Avg differences is 1.7156769416561012e-21
2019-08-18 16:41:51,063 ; INFO     ; MainLogger ; arq_features ; Calculation of Fractal Dimension
2019-08-18 16:41:51,064 ; INFO     ; MainLogger ; arq_features ; Calculation of Maximum fractal length (MFL)
2019-08-18 16:41:51,067 ; INFO     ; MainLogger ; arq_features ; Calculation of Myopulse percentage rate (MYO)
2019-08-18 16:41:51,106 ; DEBUG    ; MainLogger ; arq_features ; Myopulse percentage rate (MYO) 0.0431013431013431
2019-08-18 16:41:51,125 ; DEBUG    ; MainLogger ; arq_features ; Timeseries' max is 1.22359997904584e-11
2019-08-18 16:41:51,127 ; DEBUG    ; MainLogger ; arq_features ; Square differences max 8.235155315537602e-23
2019-08-18 16:41:51,129 ; DEBUG    ; MainLogger ; arq_features ; Avg differences is 3.6731694640731125e-24
2019-08-18 16:41:51,130 ; INFO     ; MainLogger ; arq_features ; Calculation of Fractal Dimension
2019-08-18 16:41:51,132 ; INFO     ; MainLogger ; arq_features ; Calculation of Maximum fractal length (MFL)
2019-08-18 16:41:51,134 ; INFO     ; MainLogger ; arq_features ; Calculation of Myopulse percentage rate (MYO)
2019-08-18 16:41:51,177 ; DEBUG    ; MainLogger ; arq_features ; Myopulse percentage rate (MYO) 0.03781940743063176
2019-08-18 16:41:51,226 ; DEBUG    ; MainLogger ; arq_features ; Timeseries' max is 7.500607271936334e-09
2019-08-18 16:41:51,228 ; DEBUG    ; MainLogger ; arq_features ; Square differences max 3.7078697262875084e-17
2019-08-18 16:41:51,230 ; DEBUG    ; MainLogger ; arq_features ; Avg differences is 2.4663638310600928e-20
2019-08-18 16:41:51,231 ; INFO     ; MainLogger ; arq_features ; Calculation of Fractal Dimension
2019-08-18 16:41:51,233 ; INFO     ; MainLogger ; arq_features ; Calculation of Maximum fractal length (MFL)
2019-08-18 16:41:51,235 ; INFO     ; MainLogger ; arq_features ; Calculation of Myopulse percentage rate (MYO)
2019-08-18 16:41:51,287 ; DEBUG    ; MainLogger ; arq_features ; Myopulse percentage rate (MYO) 0.23991367006648798
2019-08-18 16:41:51,298 ; DEBUG    ; MainLogger ; arq_features ; Timeseries' max is 2.8831017909535267e-10
2019-08-18 16:41:51,300 ; DEBUG    ; MainLogger ; arq_features ; Square differences max 3.8224940004031436e-20
2019-08-18 16:41:51,302 ; DEBUG    ; MainLogger ; arq_features ; Avg differences is 3.1203160230698596e-22
2019-08-18 16:41:51,303 ; INFO     ; MainLogger ; arq_features ; Calculation of Fractal Dimension
2019-08-18 16:41:51,304 ; INFO     ; MainLogger ; arq_features ; Calculation of Maximum fractal length (MFL)
2019-08-18 16:41:51,306 ; INFO     ; MainLogger ; arq_features ; Calculation of Myopulse percentage rate (MYO)
2019-08-18 16:41:51,337 ; DEBUG    ; MainLogger ; arq_features ; Myopulse percentage rate (MYO) 0.05115939678936274
2019-08-18 16:41:51,347 ; DEBUG    ; MainLogger ; arq_features ; Timeseries' max is 1.5252689837551244e-11
2019-08-18 16:41:51,349 ; DEBUG    ; MainLogger ; arq_features ; Square differences max 1.9186061111761932e-22
2019-08-18 16:41:51,350 ; DEBUG    ; MainLogger ; arq_features ; Avg differences is 6.093212936598312e-24
2019-08-18 16:41:51,352 ; INFO     ; MainLogger ; arq_features ; Calculation of Fractal Dimension
2019-08-18 16:41:51,353 ; INFO     ; MainLogger ; arq_features ; Calculation of Maximum fractal length (MFL)
2019-08-18 16:41:51,355 ; INFO     ; MainLogger ; arq_features ; Calculation of Myopulse percentage rate (MYO)
2019-08-18 16:41:51,386 ; DEBUG    ; MainLogger ; arq_features ; Myopulse percentage rate (MYO) -6.349465977850734e-10
2019-08-18 16:41:51,413 ; DEBUG    ; MainLogger ; arq_features ; Timeseries' max is 3.738067481674457e-11
2019-08-18 16:41:51,415 ; DEBUG    ; MainLogger ; arq_features ; Square differences max 5.399080672489988e-22
2019-08-18 16:41:51,417 ; DEBUG    ; MainLogger ; arq_features ; Avg differences is 5.9064672043793034e-24
2019-08-18 16:41:51,419 ; INFO     ; MainLogger ; arq_features ; Calculation of Fractal Dimension
2019-08-18 16:41:51,420 ; INFO     ; MainLogger ; arq_features ; Calculation of Maximum fractal length (MFL)
2019-08-18 16:41:51,422 ; INFO     ; MainLogger ; arq_features ; Calculation of Myopulse percentage rate (MYO)
2019-08-18 16:41:51,469 ; DEBUG    ; MainLogger ; arq_features ; Myopulse percentage rate (MYO) 1.0000000185720055
2019-08-18 16:41:51,577 ; DEBUG    ; MainLogger ; arq_features ; Timeseries' max is 3.718265288842541e-10
2019-08-18 16:41:51,580 ; DEBUG    ; MainLogger ; arq_features ; Square differences max 6.992396204806003e-20
2019-08-18 16:41:51,583 ; DEBUG    ; MainLogger ; arq_features ; Avg differences is 3.8105985428765557e-22
2019-08-18 16:41:51,584 ; INFO     ; MainLogger ; arq_features ; Calculation of Fractal Dimension
2019-08-18 16:41:51,585 ; INFO     ; MainLogger ; arq_features ; Calculation of Maximum fractal length (MFL)
2019-08-18 16:41:51,588 ; INFO     ; MainLogger ; arq_features ; Calculation of Myopulse percentage rate (MYO)
2019-08-18 16:41:51,667 ; DEBUG    ; MainLogger ; arq_features ; Myopulse percentage rate (MYO) -1.4014126485696118e-09
2019-08-18 16:41:51,702 ; DEBUG    ; MainLogger ; arq_features ; Timeseries' max is 2.2170973794798384e-11
2019-08-18 16:41:51,705 ; DEBUG    ; MainLogger ; arq_features ; Square differences max 4.6329055014421775e-22
2019-08-18 16:41:51,707 ; DEBUG    ; MainLogger ; arq_features ; Avg differences is 6.836142084897652e-24
2019-08-18 16:41:51,709 ; INFO     ; MainLogger ; arq_features ; Calculation of Fractal Dimension
2019-08-18 16:41:51,710 ; INFO     ; MainLogger ; arq_features ; Calculation of Maximum fractal length (MFL)
2019-08-18 16:41:51,712 ; INFO     ; MainLogger ; arq_features ; Calculation of Myopulse percentage rate (MYO)
2019-08-18 16:41:51,776 ; DEBUG    ; MainLogger ; arq_features ; Myopulse percentage rate (MYO) -1.005393018129731e-09
2019-08-18 16:41:51,796 ; DEBUG    ; MainLogger ; arq_features ; Timeseries' max is 1.791496797849705e-11
2019-08-18 16:41:51,798 ; DEBUG    ; MainLogger ; arq_features ; Square differences max 1.2307146024356149e-22
2019-08-18 16:41:51,801 ; DEBUG    ; MainLogger ; arq_features ; Avg differences is 6.411364252686877e-24
2019-08-18 16:41:51,803 ; INFO     ; MainLogger ; arq_features ; Calculation of Fractal Dimension
2019-08-18 16:41:51,804 ; INFO     ; MainLogger ; arq_features ; Calculation of Maximum fractal length (MFL)
2019-08-18 16:41:51,806 ; INFO     ; MainLogger ; arq_features ; Calculation of Myopulse percentage rate (MYO)
2019-08-18 16:41:51,851 ; DEBUG    ; MainLogger ; arq_features ; Myopulse percentage rate (MYO) -9.659372115186125e-10
2019-08-18 16:41:51,869 ; DEBUG    ; MainLogger ; arq_features ; Timeseries' max is 6.366462912410498e-12
2019-08-18 16:41:51,871 ; DEBUG    ; MainLogger ; arq_features ; Square differences max 2.39882377640378e-23
2019-08-18 16:41:51,873 ; DEBUG    ; MainLogger ; arq_features ; Avg differences is 2.0521296864138383e-24
2019-08-18 16:41:51,875 ; INFO     ; MainLogger ; arq_features ; Calculation of Fractal Dimension
2019-08-18 16:41:51,876 ; INFO     ; MainLogger ; arq_features ; Calculation of Maximum fractal length (MFL)
2019-08-18 16:41:51,878 ; INFO     ; MainLogger ; arq_features ; Calculation of Myopulse percentage rate (MYO)
2019-08-18 16:41:51,925 ; DEBUG    ; MainLogger ; arq_features ; Myopulse percentage rate (MYO) -0.0
2019-08-18 16:41:51,957 ; DEBUG    ; MainLogger ; arq_features ; Timeseries' max is 1.4532860207239473e-10
2019-08-18 16:41:51,958 ; DEBUG    ; MainLogger ; arq_features ; Square differences max 6.530252584843157e-21
2019-08-18 16:41:51,961 ; DEBUG    ; MainLogger ; arq_features ; Avg differences is 5.784786888623747e-23
2019-08-18 16:41:51,962 ; INFO     ; MainLogger ; arq_features ; Calculation of Fractal Dimension
2019-08-18 16:41:51,964 ; INFO     ; MainLogger ; arq_features ; Calculation of Maximum fractal length (MFL)
2019-08-18 16:41:51,966 ; INFO     ; MainLogger ; arq_features ; Calculation of Myopulse percentage rate (MYO)
2019-08-18 16:41:52,013 ; DEBUG    ; MainLogger ; arq_features ; Myopulse percentage rate (MYO) -1.0024703480511665e-09
2019-08-18 16:41:52,060 ; DEBUG    ; MainLogger ; arq_features ; Timeseries' max is 1.3585610405092482e-10
2019-08-18 16:41:52,061 ; DEBUG    ; MainLogger ; arq_features ; Square differences max 5.582948245121225e-21
2019-08-18 16:41:52,064 ; DEBUG    ; MainLogger ; arq_features ; Avg differences is 9.143411949712531e-23
2019-08-18 16:41:52,065 ; INFO     ; MainLogger ; arq_features ; Calculation of Fractal Dimension
2019-08-18 16:41:52,067 ; INFO     ; MainLogger ; arq_features ; Calculation of Maximum fractal length (MFL)
2019-08-18 16:41:52,070 ; INFO     ; MainLogger ; arq_features ; Calculation of Myopulse percentage rate (MYO)
2019-08-18 16:41:52,123 ; DEBUG    ; MainLogger ; arq_features ; Myopulse percentage rate (MYO) 1.0000000154907973
2019-08-18 16:41:52,699 ; DEBUG    ; MainLogger ; arq_features ; Timeseries' max is 1.499102065425729e-08
2019-08-18 16:41:52,702 ; DEBUG    ; MainLogger ; arq_features ; Square differences max 1.2983737443631006e-16
2019-08-18 16:41:52,704 ; DEBUG    ; MainLogger ; arq_features ; Avg differences is 7.574794888002377e-20
2019-08-18 16:41:52,706 ; INFO     ; MainLogger ; arq_features ; Calculation of Fractal Dimension
2019-08-18 16:41:52,708 ; INFO     ; MainLogger ; arq_features ; Calculation of Maximum fractal length (MFL)
2019-08-18 16:41:52,711 ; INFO     ; MainLogger ; arq_features ; Calculation of Myopulse percentage rate (MYO)
2019-08-18 16:41:52,830 ; DEBUG    ; MainLogger ; arq_features ; Myopulse percentage rate (MYO) -5.188441801568095e-09
2019-08-18 16:41:52,880 ; DEBUG    ; MainLogger ; arq_features ; Timeseries' max is 1.2101748941889083e-10
2019-08-18 16:41:52,882 ; DEBUG    ; MainLogger ; arq_features ; Square differences max 6.7216978125047236e-21
2019-08-18 16:41:52,884 ; DEBUG    ; MainLogger ; arq_features ; Avg differences is 8.920444472000514e-23
2019-08-18 16:41:52,885 ; INFO     ; MainLogger ; arq_features ; Calculation of Fractal Dimension
2019-08-18 16:41:52,888 ; INFO     ; MainLogger ; arq_features ; Calculation of Maximum fractal length (MFL)
2019-08-18 16:41:52,890 ; INFO     ; MainLogger ; arq_features ; Calculation of Myopulse percentage rate (MYO)
2019-08-18 16:41:52,952 ; DEBUG    ; MainLogger ; arq_features ; Myopulse percentage rate (MYO) -1.5921158344603453e-09
2019-08-18 16:41:52,969 ; DEBUG    ; MainLogger ; arq_features ; Timeseries' max is 2.6526859506785476e-10
2019-08-18 16:41:52,971 ; DEBUG    ; MainLogger ; arq_features ; Square differences max 4.4298895884494793e-20
2019-08-18 16:41:52,973 ; DEBUG    ; MainLogger ; arq_features ; Avg differences is 1.9005181887381322e-22
2019-08-18 16:41:52,974 ; INFO     ; MainLogger ; arq_features ; Calculation of Fractal Dimension
2019-08-18 16:41:52,976 ; INFO     ; MainLogger ; arq_features ; Calculation of Maximum fractal length (MFL)
2019-08-18 16:41:52,978 ; INFO     ; MainLogger ; arq_features ; Calculation of Myopulse percentage rate (MYO)
2019-08-18 16:41:53,009 ; DEBUG    ; MainLogger ; arq_features ; Myopulse percentage rate (MYO) -7.007063117745613e-10
2019-08-18 16:41:53,011 ; DEBUG    ; MainLogger ; spiral_feature_extraction ; CT's feature extraction 11
2019-08-18 16:41:53,012 ; DEBUG    ; MainLogger ; spiral_feature_extraction ; Saving CT's residual feature extraction in output/archimedean.h5
2019-08-18 16:41:53,014 ; DEBUG    ; MainLogger ; reader_and_writer ; Creating dataset rd_ct_fe into file output/archimedean.h5
2019-08-18 16:43:41,474 ; DEBUG    ; MainLogger ; spiral_feature_extraction ; Starting feature extraction from archimedean spirals
2019-08-18 16:43:41,475 ; DEBUG    ; MainLogger ; spiral_feature_extraction ; Loading control files
2019-08-18 16:43:41,594 ; DEBUG    ; MainLogger ; spiral_feature_extraction ; Loading ET files 27
2019-08-18 16:43:41,867 ; DEBUG    ; MainLogger ; spiral_feature_extraction ; CT's residual radio calculation 27
2019-08-18 16:43:41,881 ; DEBUG    ; MainLogger ; arq_features ; Timeseries' max is 4.834030647877921e-12
2019-08-18 16:43:41,882 ; DEBUG    ; MainLogger ; arq_features ; Square differences max 1.406207041340147e-23
2019-08-18 16:43:41,884 ; DEBUG    ; MainLogger ; arq_features ; Avg differences is 1.2095708846628e-24
2019-08-18 16:43:41,886 ; INFO     ; MainLogger ; arq_features ; Calculation of Fractal Dimension
2019-08-18 16:43:41,887 ; INFO     ; MainLogger ; arq_features ; Calculation of Maximum fractal length (MFL)
2019-08-18 16:43:41,889 ; INFO     ; MainLogger ; arq_features ; Calculation of Myopulse percentage rate (MYO)
2019-08-18 16:43:41,891 ; DEBUG    ; MainLogger ; arq_features ; Myopulse times rate (MYO) 1980
2019-08-18 16:43:41,892 ; DEBUG    ; MainLogger ; arq_features ; Myopulse percentage rate (MYO) 1.0
2019-08-18 16:43:41,909 ; DEBUG    ; MainLogger ; arq_features ; Timeseries' max is 3.1767284229450486e-11
2019-08-18 16:43:41,911 ; DEBUG    ; MainLogger ; arq_features ; Square differences max 5.459506138084254e-22
2019-08-18 16:43:41,913 ; DEBUG    ; MainLogger ; arq_features ; Avg differences is 1.535204059472717e-23
2019-08-18 16:43:41,914 ; INFO     ; MainLogger ; arq_features ; Calculation of Fractal Dimension
2019-08-18 16:43:41,916 ; INFO     ; MainLogger ; arq_features ; Calculation of Maximum fractal length (MFL)
2019-08-18 16:43:41,918 ; INFO     ; MainLogger ; arq_features ; Calculation of Myopulse percentage rate (MYO)
2019-08-18 16:43:41,920 ; DEBUG    ; MainLogger ; arq_features ; Myopulse times rate (MYO) 2046
2019-08-18 16:43:41,921 ; DEBUG    ; MainLogger ; arq_features ; Myopulse percentage rate (MYO) 1.0
2019-08-18 16:43:41,935 ; DEBUG    ; MainLogger ; arq_features ; Timeseries' max is 4.038811914356214e-11
2019-08-18 16:43:41,936 ; DEBUG    ; MainLogger ; arq_features ; Square differences max 6.257605178338828e-22
2019-08-18 16:43:41,938 ; DEBUG    ; MainLogger ; arq_features ; Avg differences is 1.0777845561497434e-23
2019-08-18 16:43:41,939 ; INFO     ; MainLogger ; arq_features ; Calculation of Fractal Dimension
2019-08-18 16:43:41,940 ; INFO     ; MainLogger ; arq_features ; Calculation of Maximum fractal length (MFL)
2019-08-18 16:43:41,942 ; INFO     ; MainLogger ; arq_features ; Calculation of Myopulse percentage rate (MYO)
2019-08-18 16:43:41,944 ; DEBUG    ; MainLogger ; arq_features ; Myopulse times rate (MYO) 1643
2019-08-18 16:43:41,945 ; DEBUG    ; MainLogger ; arq_features ; Myopulse percentage rate (MYO) 1.0
2019-08-18 16:43:41,965 ; DEBUG    ; MainLogger ; arq_features ; Timeseries' max is 4.917440289515108e-10
2019-08-18 16:43:41,967 ; DEBUG    ; MainLogger ; arq_features ; Square differences max 7.832020441090563e-20
2019-08-18 16:43:41,968 ; DEBUG    ; MainLogger ; arq_features ; Avg differences is 6.510978716509096e-22
2019-08-18 16:43:41,970 ; INFO     ; MainLogger ; arq_features ; Calculation of Fractal Dimension
2019-08-18 16:43:41,971 ; INFO     ; MainLogger ; arq_features ; Calculation of Maximum fractal length (MFL)
2019-08-18 16:43:41,973 ; INFO     ; MainLogger ; arq_features ; Calculation of Myopulse percentage rate (MYO)
2019-08-18 16:43:41,975 ; DEBUG    ; MainLogger ; arq_features ; Myopulse times rate (MYO) 2103
2019-08-18 16:43:41,976 ; DEBUG    ; MainLogger ; arq_features ; Myopulse percentage rate (MYO) 1.0
2019-08-18 16:43:41,993 ; DEBUG    ; MainLogger ; arq_features ; Timeseries' max is 1.2643284912390158e-11
2019-08-18 16:43:41,994 ; DEBUG    ; MainLogger ; arq_features ; Square differences max 1.075334796318936e-22
2019-08-18 16:43:41,997 ; DEBUG    ; MainLogger ; arq_features ; Avg differences is 2.3633866850126155e-24
2019-08-18 16:43:41,998 ; INFO     ; MainLogger ; arq_features ; Calculation of Fractal Dimension
2019-08-18 16:43:41,999 ; INFO     ; MainLogger ; arq_features ; Calculation of Maximum fractal length (MFL)
2019-08-18 16:43:42,001 ; INFO     ; MainLogger ; arq_features ; Calculation of Myopulse percentage rate (MYO)
2019-08-18 16:43:42,003 ; DEBUG    ; MainLogger ; arq_features ; Myopulse times rate (MYO) 2009
2019-08-18 16:43:42,004 ; DEBUG    ; MainLogger ; arq_features ; Myopulse percentage rate (MYO) 1.0
2019-08-18 16:43:42,022 ; DEBUG    ; MainLogger ; arq_features ; Timeseries' max is 1.7659192816561335e-11
2019-08-18 16:43:42,024 ; DEBUG    ; MainLogger ; arq_features ; Square differences max 2.805523869365463e-22
2019-08-18 16:43:42,026 ; DEBUG    ; MainLogger ; arq_features ; Avg differences is 8.884658770699715e-24
2019-08-18 16:43:42,027 ; INFO     ; MainLogger ; arq_features ; Calculation of Fractal Dimension
2019-08-18 16:43:42,028 ; INFO     ; MainLogger ; arq_features ; Calculation of Maximum fractal length (MFL)
2019-08-18 16:43:42,030 ; INFO     ; MainLogger ; arq_features ; Calculation of Myopulse percentage rate (MYO)
2019-08-18 16:43:42,032 ; DEBUG    ; MainLogger ; arq_features ; Myopulse times rate (MYO) 2262
2019-08-18 16:43:42,034 ; DEBUG    ; MainLogger ; arq_features ; Myopulse percentage rate (MYO) 1.0
2019-08-18 16:43:42,053 ; DEBUG    ; MainLogger ; arq_features ; Timeseries' max is 4.011047961548204e-09
2019-08-18 16:43:42,055 ; DEBUG    ; MainLogger ; arq_features ; Square differences max 7.067848359353108e-18
2019-08-18 16:43:42,057 ; DEBUG    ; MainLogger ; arq_features ; Avg differences is 5.6263313103040094e-21
2019-08-18 16:43:42,059 ; INFO     ; MainLogger ; arq_features ; Calculation of Fractal Dimension
2019-08-18 16:43:42,060 ; INFO     ; MainLogger ; arq_features ; Calculation of Maximum fractal length (MFL)
2019-08-18 16:43:42,063 ; INFO     ; MainLogger ; arq_features ; Calculation of Myopulse percentage rate (MYO)
2019-08-18 16:43:42,064 ; DEBUG    ; MainLogger ; arq_features ; Myopulse times rate (MYO) 2281
2019-08-18 16:43:42,065 ; DEBUG    ; MainLogger ; arq_features ; Myopulse percentage rate (MYO) 1.0
2019-08-18 16:43:42,114 ; DEBUG    ; MainLogger ; arq_features ; Timeseries' max is 1.2371765866202707e-09
2019-08-18 16:43:42,116 ; DEBUG    ; MainLogger ; arq_features ; Square differences max 3.1715790844923185e-19
2019-08-18 16:43:42,118 ; DEBUG    ; MainLogger ; arq_features ; Avg differences is 1.3004307381370077e-21
2019-08-18 16:43:42,119 ; INFO     ; MainLogger ; arq_features ; Calculation of Fractal Dimension
2019-08-18 16:43:42,120 ; INFO     ; MainLogger ; arq_features ; Calculation of Maximum fractal length (MFL)
2019-08-18 16:43:42,122 ; INFO     ; MainLogger ; arq_features ; Calculation of Myopulse percentage rate (MYO)
2019-08-18 16:43:42,124 ; DEBUG    ; MainLogger ; arq_features ; Myopulse times rate (MYO) 2994
2019-08-18 16:43:42,125 ; DEBUG    ; MainLogger ; arq_features ; Myopulse percentage rate (MYO) 1.0
2019-08-18 16:43:42,146 ; DEBUG    ; MainLogger ; arq_features ; Timeseries' max is 2.941294756965759e-09
2019-08-18 16:43:42,148 ; DEBUG    ; MainLogger ; arq_features ; Square differences max 3.237326676835629e-18
2019-08-18 16:43:42,150 ; DEBUG    ; MainLogger ; arq_features ; Avg differences is 5.330389250314026e-21
2019-08-18 16:43:42,152 ; INFO     ; MainLogger ; arq_features ; Calculation of Fractal Dimension
2019-08-18 16:43:42,154 ; INFO     ; MainLogger ; arq_features ; Calculation of Maximum fractal length (MFL)
2019-08-18 16:43:42,157 ; INFO     ; MainLogger ; arq_features ; Calculation of Myopulse percentage rate (MYO)
2019-08-18 16:43:42,159 ; DEBUG    ; MainLogger ; arq_features ; Myopulse times rate (MYO) 2417
2019-08-18 16:43:42,160 ; DEBUG    ; MainLogger ; arq_features ; Myopulse percentage rate (MYO) 1.0
2019-08-18 16:43:42,180 ; DEBUG    ; MainLogger ; arq_features ; Timeseries' max is 5.1448789686149945e-12
2019-08-18 16:43:42,182 ; DEBUG    ; MainLogger ; arq_features ; Square differences max 1.7938479887813308e-23
2019-08-18 16:43:42,184 ; DEBUG    ; MainLogger ; arq_features ; Avg differences is 1.5189327368584502e-24
2019-08-18 16:43:42,185 ; INFO     ; MainLogger ; arq_features ; Calculation of Fractal Dimension
2019-08-18 16:43:42,187 ; INFO     ; MainLogger ; arq_features ; Calculation of Maximum fractal length (MFL)
2019-08-18 16:43:42,188 ; INFO     ; MainLogger ; arq_features ; Calculation of Myopulse percentage rate (MYO)
2019-08-18 16:43:42,190 ; DEBUG    ; MainLogger ; arq_features ; Myopulse times rate (MYO) 2376
2019-08-18 16:43:42,192 ; DEBUG    ; MainLogger ; arq_features ; Myopulse percentage rate (MYO) 1.0
2019-08-18 16:43:42,260 ; DEBUG    ; MainLogger ; arq_features ; Timeseries' max is 1.4103400938994551e-10
2019-08-18 16:43:42,263 ; DEBUG    ; MainLogger ; arq_features ; Square differences max 1.4808404567612093e-20
2019-08-18 16:43:42,265 ; DEBUG    ; MainLogger ; arq_features ; Avg differences is 5.86632075031733e-23
2019-08-18 16:43:42,266 ; INFO     ; MainLogger ; arq_features ; Calculation of Fractal Dimension
2019-08-18 16:43:42,267 ; INFO     ; MainLogger ; arq_features ; Calculation of Maximum fractal length (MFL)
2019-08-18 16:43:42,270 ; INFO     ; MainLogger ; arq_features ; Calculation of Myopulse percentage rate (MYO)
2019-08-18 16:43:42,271 ; DEBUG    ; MainLogger ; arq_features ; Myopulse times rate (MYO) 3585
2019-08-18 16:43:42,273 ; DEBUG    ; MainLogger ; arq_features ; Myopulse percentage rate (MYO) 1.0
2019-08-18 16:43:42,308 ; DEBUG    ; MainLogger ; arq_features ; Timeseries' max is 1.016845989170083e-11
2019-08-18 16:43:42,309 ; DEBUG    ; MainLogger ; arq_features ; Square differences max 8.572843638829663e-23
2019-08-18 16:43:42,311 ; DEBUG    ; MainLogger ; arq_features ; Avg differences is 2.7152430475162207e-24
2019-08-18 16:43:42,312 ; INFO     ; MainLogger ; arq_features ; Calculation of Fractal Dimension
2019-08-18 16:43:42,314 ; INFO     ; MainLogger ; arq_features ; Calculation of Maximum fractal length (MFL)
2019-08-18 16:43:42,316 ; INFO     ; MainLogger ; arq_features ; Calculation of Myopulse percentage rate (MYO)
2019-08-18 16:43:42,318 ; DEBUG    ; MainLogger ; arq_features ; Myopulse times rate (MYO) 3450
2019-08-18 16:43:42,320 ; DEBUG    ; MainLogger ; arq_features ; Myopulse percentage rate (MYO) 1.0
2019-08-18 16:43:42,342 ; DEBUG    ; MainLogger ; arq_features ; Timeseries' max is 1.83969017344717e-09
2019-08-18 16:43:42,343 ; DEBUG    ; MainLogger ; arq_features ; Square differences max 6.32471965286225e-19
2019-08-18 16:43:42,345 ; DEBUG    ; MainLogger ; arq_features ; Avg differences is 1.7156769416561012e-21
2019-08-18 16:43:42,347 ; INFO     ; MainLogger ; arq_features ; Calculation of Fractal Dimension
2019-08-18 16:43:42,348 ; INFO     ; MainLogger ; arq_features ; Calculation of Maximum fractal length (MFL)
2019-08-18 16:43:42,350 ; INFO     ; MainLogger ; arq_features ; Calculation of Myopulse percentage rate (MYO)
2019-08-18 16:43:42,352 ; DEBUG    ; MainLogger ; arq_features ; Myopulse times rate (MYO) 2161
2019-08-18 16:43:42,353 ; DEBUG    ; MainLogger ; arq_features ; Myopulse percentage rate (MYO) 1.0
2019-08-18 16:43:42,374 ; DEBUG    ; MainLogger ; arq_features ; Timeseries' max is 1.22359997904584e-11
2019-08-18 16:43:42,376 ; DEBUG    ; MainLogger ; arq_features ; Square differences max 8.235155315537602e-23
2019-08-18 16:43:42,378 ; DEBUG    ; MainLogger ; arq_features ; Avg differences is 3.6731694640731125e-24
2019-08-18 16:43:42,379 ; INFO     ; MainLogger ; arq_features ; Calculation of Fractal Dimension
2019-08-18 16:43:42,380 ; INFO     ; MainLogger ; arq_features ; Calculation of Maximum fractal length (MFL)
2019-08-18 16:43:42,383 ; INFO     ; MainLogger ; arq_features ; Calculation of Myopulse percentage rate (MYO)
2019-08-18 16:43:42,385 ; DEBUG    ; MainLogger ; arq_features ; Myopulse times rate (MYO) 2320
2019-08-18 16:43:42,386 ; DEBUG    ; MainLogger ; arq_features ; Myopulse percentage rate (MYO) 1.0
2019-08-18 16:43:42,436 ; DEBUG    ; MainLogger ; arq_features ; Timeseries' max is 7.500607271936334e-09
2019-08-18 16:43:42,438 ; DEBUG    ; MainLogger ; arq_features ; Square differences max 3.7078697262875084e-17
2019-08-18 16:43:42,440 ; DEBUG    ; MainLogger ; arq_features ; Avg differences is 2.4663638310600928e-20
2019-08-18 16:43:42,441 ; INFO     ; MainLogger ; arq_features ; Calculation of Fractal Dimension
2019-08-18 16:43:42,442 ; INFO     ; MainLogger ; arq_features ; Calculation of Maximum fractal length (MFL)
2019-08-18 16:43:42,445 ; INFO     ; MainLogger ; arq_features ; Calculation of Myopulse percentage rate (MYO)
2019-08-18 16:43:42,446 ; DEBUG    ; MainLogger ; arq_features ; Myopulse times rate (MYO) 2995
2019-08-18 16:43:42,447 ; DEBUG    ; MainLogger ; arq_features ; Myopulse percentage rate (MYO) 1.0
2019-08-18 16:43:42,459 ; DEBUG    ; MainLogger ; arq_features ; Timeseries' max is 2.8831017909535267e-10
2019-08-18 16:43:42,461 ; DEBUG    ; MainLogger ; arq_features ; Square differences max 3.8224940004031436e-20
2019-08-18 16:43:42,463 ; DEBUG    ; MainLogger ; arq_features ; Avg differences is 3.1203160230698596e-22
2019-08-18 16:43:42,464 ; INFO     ; MainLogger ; arq_features ; Calculation of Fractal Dimension
2019-08-18 16:43:42,466 ; INFO     ; MainLogger ; arq_features ; Calculation of Maximum fractal length (MFL)
2019-08-18 16:43:42,468 ; INFO     ; MainLogger ; arq_features ; Calculation of Myopulse percentage rate (MYO)
2019-08-18 16:43:42,469 ; DEBUG    ; MainLogger ; arq_features ; Myopulse times rate (MYO) 1642
2019-08-18 16:43:42,470 ; DEBUG    ; MainLogger ; arq_features ; Myopulse percentage rate (MYO) 1.0
2019-08-18 16:43:42,484 ; DEBUG    ; MainLogger ; arq_features ; Timeseries' max is 1.5252689837551244e-11
2019-08-18 16:43:42,486 ; DEBUG    ; MainLogger ; arq_features ; Square differences max 1.9186061111761932e-22
2019-08-18 16:43:42,487 ; DEBUG    ; MainLogger ; arq_features ; Avg differences is 6.093212936598312e-24
2019-08-18 16:43:42,488 ; INFO     ; MainLogger ; arq_features ; Calculation of Fractal Dimension
2019-08-18 16:43:42,490 ; INFO     ; MainLogger ; arq_features ; Calculation of Maximum fractal length (MFL)
2019-08-18 16:43:42,492 ; INFO     ; MainLogger ; arq_features ; Calculation of Myopulse percentage rate (MYO)
2019-08-18 16:43:42,494 ; DEBUG    ; MainLogger ; arq_features ; Myopulse times rate (MYO) 1551
2019-08-18 16:43:42,495 ; DEBUG    ; MainLogger ; arq_features ; Myopulse percentage rate (MYO) 1.0
2019-08-18 16:43:42,521 ; DEBUG    ; MainLogger ; arq_features ; Timeseries' max is 3.738067481674457e-11
2019-08-18 16:43:42,524 ; DEBUG    ; MainLogger ; arq_features ; Square differences max 5.399080672489988e-22
2019-08-18 16:43:42,526 ; DEBUG    ; MainLogger ; arq_features ; Avg differences is 5.9064672043793034e-24
2019-08-18 16:43:42,527 ; INFO     ; MainLogger ; arq_features ; Calculation of Fractal Dimension
2019-08-18 16:43:42,529 ; INFO     ; MainLogger ; arq_features ; Calculation of Maximum fractal length (MFL)
2019-08-18 16:43:42,531 ; INFO     ; MainLogger ; arq_features ; Calculation of Myopulse percentage rate (MYO)
2019-08-18 16:43:42,534 ; DEBUG    ; MainLogger ; arq_features ; Myopulse times rate (MYO) 2632
2019-08-18 16:43:42,536 ; DEBUG    ; MainLogger ; arq_features ; Myopulse percentage rate (MYO) 1.0
2019-08-18 16:43:42,637 ; DEBUG    ; MainLogger ; arq_features ; Timeseries' max is 3.718265288842541e-10
2019-08-18 16:43:42,639 ; DEBUG    ; MainLogger ; arq_features ; Square differences max 6.992396204806003e-20
2019-08-18 16:43:42,642 ; DEBUG    ; MainLogger ; arq_features ; Avg differences is 3.8105985428765557e-22
2019-08-18 16:43:42,643 ; INFO     ; MainLogger ; arq_features ; Calculation of Fractal Dimension
2019-08-18 16:43:42,645 ; INFO     ; MainLogger ; arq_features ; Calculation of Maximum fractal length (MFL)
2019-08-18 16:43:42,648 ; INFO     ; MainLogger ; arq_features ; Calculation of Myopulse percentage rate (MYO)
2019-08-18 16:43:42,650 ; DEBUG    ; MainLogger ; arq_features ; Myopulse times rate (MYO) 4531
2019-08-18 16:43:42,651 ; DEBUG    ; MainLogger ; arq_features ; Myopulse percentage rate (MYO) 1.0
2019-08-18 16:43:42,689 ; DEBUG    ; MainLogger ; arq_features ; Timeseries' max is 2.2170973794798384e-11
2019-08-18 16:43:42,691 ; DEBUG    ; MainLogger ; arq_features ; Square differences max 4.6329055014421775e-22
2019-08-18 16:43:42,694 ; DEBUG    ; MainLogger ; arq_features ; Avg differences is 6.836142084897652e-24
2019-08-18 16:43:42,695 ; INFO     ; MainLogger ; arq_features ; Calculation of Fractal Dimension
2019-08-18 16:43:42,697 ; INFO     ; MainLogger ; arq_features ; Calculation of Maximum fractal length (MFL)
2019-08-18 16:43:42,700 ; INFO     ; MainLogger ; arq_features ; Calculation of Myopulse percentage rate (MYO)
2019-08-18 16:43:42,703 ; DEBUG    ; MainLogger ; arq_features ; Myopulse times rate (MYO) 3211
2019-08-18 16:43:42,704 ; DEBUG    ; MainLogger ; arq_features ; Myopulse percentage rate (MYO) 1.0
2019-08-18 16:43:42,723 ; DEBUG    ; MainLogger ; arq_features ; Timeseries' max is 1.791496797849705e-11
2019-08-18 16:43:42,726 ; DEBUG    ; MainLogger ; arq_features ; Square differences max 1.2307146024356149e-22
2019-08-18 16:43:42,728 ; DEBUG    ; MainLogger ; arq_features ; Avg differences is 6.411364252686877e-24
2019-08-18 16:43:42,730 ; INFO     ; MainLogger ; arq_features ; Calculation of Fractal Dimension
2019-08-18 16:43:42,732 ; INFO     ; MainLogger ; arq_features ; Calculation of Maximum fractal length (MFL)
2019-08-18 16:43:42,734 ; INFO     ; MainLogger ; arq_features ; Calculation of Myopulse percentage rate (MYO)
2019-08-18 16:43:42,736 ; DEBUG    ; MainLogger ; arq_features ; Myopulse times rate (MYO) 2170
2019-08-18 16:43:42,737 ; DEBUG    ; MainLogger ; arq_features ; Myopulse percentage rate (MYO) 1.0
2019-08-18 16:43:42,754 ; DEBUG    ; MainLogger ; arq_features ; Timeseries' max is 6.366462912410498e-12
2019-08-18 16:43:42,757 ; DEBUG    ; MainLogger ; arq_features ; Square differences max 2.39882377640378e-23
2019-08-18 16:43:42,759 ; DEBUG    ; MainLogger ; arq_features ; Avg differences is 2.0521296864138383e-24
2019-08-18 16:43:42,764 ; INFO     ; MainLogger ; arq_features ; Calculation of Fractal Dimension
2019-08-18 16:43:42,765 ; INFO     ; MainLogger ; arq_features ; Calculation of Maximum fractal length (MFL)
2019-08-18 16:43:42,767 ; INFO     ; MainLogger ; arq_features ; Calculation of Myopulse percentage rate (MYO)
2019-08-18 16:43:42,769 ; DEBUG    ; MainLogger ; arq_features ; Myopulse times rate (MYO) 2200
2019-08-18 16:43:42,770 ; DEBUG    ; MainLogger ; arq_features ; Myopulse percentage rate (MYO) 1.0
2019-08-18 16:43:42,799 ; DEBUG    ; MainLogger ; arq_features ; Timeseries' max is 1.4532860207239473e-10
2019-08-18 16:43:42,802 ; DEBUG    ; MainLogger ; arq_features ; Square differences max 6.530252584843157e-21
2019-08-18 16:43:42,804 ; DEBUG    ; MainLogger ; arq_features ; Avg differences is 5.784786888623747e-23
2019-08-18 16:43:42,806 ; INFO     ; MainLogger ; arq_features ; Calculation of Fractal Dimension
2019-08-18 16:43:42,807 ; INFO     ; MainLogger ; arq_features ; Calculation of Maximum fractal length (MFL)
2019-08-18 16:43:42,809 ; INFO     ; MainLogger ; arq_features ; Calculation of Myopulse percentage rate (MYO)
2019-08-18 16:43:42,812 ; DEBUG    ; MainLogger ; arq_features ; Myopulse times rate (MYO) 2292
2019-08-18 16:43:42,814 ; DEBUG    ; MainLogger ; arq_features ; Myopulse percentage rate (MYO) 1.0
2019-08-18 16:43:42,856 ; DEBUG    ; MainLogger ; arq_features ; Timeseries' max is 1.3585610405092482e-10
2019-08-18 16:43:42,858 ; DEBUG    ; MainLogger ; arq_features ; Square differences max 5.582948245121225e-21
2019-08-18 16:43:42,860 ; DEBUG    ; MainLogger ; arq_features ; Avg differences is 9.143411949712531e-23
2019-08-18 16:43:42,861 ; INFO     ; MainLogger ; arq_features ; Calculation of Fractal Dimension
2019-08-18 16:43:42,863 ; INFO     ; MainLogger ; arq_features ; Calculation of Maximum fractal length (MFL)
2019-08-18 16:43:42,866 ; INFO     ; MainLogger ; arq_features ; Calculation of Myopulse percentage rate (MYO)
2019-08-18 16:43:42,868 ; DEBUG    ; MainLogger ; arq_features ; Myopulse times rate (MYO) 2675
2019-08-18 16:43:42,869 ; DEBUG    ; MainLogger ; arq_features ; Myopulse percentage rate (MYO) 1.0
2019-08-18 16:43:43,440 ; DEBUG    ; MainLogger ; arq_features ; Timeseries' max is 1.499102065425729e-08
2019-08-18 16:43:43,442 ; DEBUG    ; MainLogger ; arq_features ; Square differences max 1.2983737443631006e-16
2019-08-18 16:43:43,445 ; DEBUG    ; MainLogger ; arq_features ; Avg differences is 7.574794888002377e-20
2019-08-18 16:43:43,446 ; INFO     ; MainLogger ; arq_features ; Calculation of Fractal Dimension
2019-08-18 16:43:43,447 ; INFO     ; MainLogger ; arq_features ; Calculation of Maximum fractal length (MFL)
2019-08-18 16:43:43,451 ; INFO     ; MainLogger ; arq_features ; Calculation of Myopulse percentage rate (MYO)
2019-08-18 16:43:43,453 ; DEBUG    ; MainLogger ; arq_features ; Myopulse times rate (MYO) 6701
2019-08-18 16:43:43,454 ; DEBUG    ; MainLogger ; arq_features ; Myopulse percentage rate (MYO) 1.0
2019-08-18 16:43:43,508 ; DEBUG    ; MainLogger ; arq_features ; Timeseries' max is 1.2101748941889083e-10
2019-08-18 16:43:43,510 ; DEBUG    ; MainLogger ; arq_features ; Square differences max 6.7216978125047236e-21
2019-08-18 16:43:43,512 ; DEBUG    ; MainLogger ; arq_features ; Avg differences is 8.920444472000514e-23
2019-08-18 16:43:43,513 ; INFO     ; MainLogger ; arq_features ; Calculation of Fractal Dimension
2019-08-18 16:43:43,514 ; INFO     ; MainLogger ; arq_features ; Calculation of Maximum fractal length (MFL)
2019-08-18 16:43:43,516 ; INFO     ; MainLogger ; arq_features ; Calculation of Myopulse percentage rate (MYO)
2019-08-18 16:43:43,518 ; DEBUG    ; MainLogger ; arq_features ; Myopulse times rate (MYO) 3434
2019-08-18 16:43:43,519 ; DEBUG    ; MainLogger ; arq_features ; Myopulse percentage rate (MYO) 1.0
2019-08-18 16:43:43,536 ; DEBUG    ; MainLogger ; arq_features ; Timeseries' max is 2.6526859506785476e-10
2019-08-18 16:43:43,538 ; DEBUG    ; MainLogger ; arq_features ; Square differences max 4.4298895884494793e-20
2019-08-18 16:43:43,540 ; DEBUG    ; MainLogger ; arq_features ; Avg differences is 1.9005181887381322e-22
2019-08-18 16:43:43,541 ; INFO     ; MainLogger ; arq_features ; Calculation of Fractal Dimension
2019-08-18 16:43:43,542 ; INFO     ; MainLogger ; arq_features ; Calculation of Maximum fractal length (MFL)
2019-08-18 16:43:43,544 ; INFO     ; MainLogger ; arq_features ; Calculation of Myopulse percentage rate (MYO)
2019-08-18 16:43:43,546 ; DEBUG    ; MainLogger ; arq_features ; Myopulse times rate (MYO) 1565
2019-08-18 16:43:43,548 ; DEBUG    ; MainLogger ; arq_features ; Myopulse percentage rate (MYO) 1.0
2019-08-18 16:43:43,549 ; DEBUG    ; MainLogger ; spiral_feature_extraction ; CT's feature extraction 11
2019-08-18 16:43:43,551 ; DEBUG    ; MainLogger ; spiral_feature_extraction ; Saving CT's residual feature extraction in output/archimedean.h5
2019-08-18 16:43:43,553 ; DEBUG    ; MainLogger ; reader_and_writer ; Creating dataset rd_ct_fe into file output/archimedean.h5
2019-08-18 16:44:35,672 ; DEBUG    ; MainLogger ; spiral_feature_extraction ; Starting feature extraction from archimedean spirals
2019-08-18 16:44:35,674 ; DEBUG    ; MainLogger ; spiral_feature_extraction ; Loading control files
2019-08-18 16:44:35,904 ; DEBUG    ; MainLogger ; spiral_feature_extraction ; Loading ET files 27
2019-08-18 16:44:36,263 ; DEBUG    ; MainLogger ; spiral_feature_extraction ; CT's residual radio calculation 27
2019-08-18 16:44:36,281 ; DEBUG    ; MainLogger ; arq_features ; Timeseries' max is 4.834030647877921e-12
2019-08-18 16:44:36,283 ; DEBUG    ; MainLogger ; arq_features ; Square differences max 1.406207041340147e-23
2019-08-18 16:44:36,285 ; DEBUG    ; MainLogger ; arq_features ; Avg differences is 1.2095708846628e-24
2019-08-18 16:44:36,288 ; INFO     ; MainLogger ; arq_features ; Calculation of Fractal Dimension
2019-08-18 16:44:36,289 ; INFO     ; MainLogger ; arq_features ; Calculation of Maximum fractal length (MFL)
2019-08-18 16:44:36,292 ; INFO     ; MainLogger ; arq_features ; Calculation of Myopulse percentage rate (MYO)
2019-08-18 16:44:36,295 ; DEBUG    ; MainLogger ; arq_features ; Myopulse times rate (MYO) 1980
